

(15)
[90-1]http://40.media.tumblr.com/262f8464dc432664ac23a1290cc34faa/tumblr_mmk31lWgpw1r2xjmjo1_1280.jpg
[90-2]http://41.media.tumblr.com/f7ed6f1b9b042b688d6648f75e112347/tumblr_mmk2ygL6CM1r2xjmjo1_1280.jpg
[90-3]http://40.media.tumblr.com/0582e1fb4f7f2332cea3e67f7696a1d1/tumblr_mmk2xax4NV1r2xjmjo1_1280.jpg
[90-4]http://40.media.tumblr.com/108d8969e26be2dcd0919ed8d79c7238/tumblr_mmk2sw0l4P1r2xjmjo1_1280.jpg
[90-5]http://40.media.tumblr.com/14132c19c87ffd41ea403b5ebd116f82/tumblr_mmk2pdzeyA1r2xjmjo1_1280.jpg
[90-6]http://41.media.tumblr.com/e0c0220adcf64fe5064336db284aec73/tumblr_mmi82bylo31r2xjmjo1_1280.jpg
[90-7]http://40.media.tumblr.com/a6d901dfd1d0efa9062eb9e9d2863cde/tumblr_mmi80f6fOj1r2xjmjo1_1280.jpg
[90-8]http://40.media.tumblr.com/a4f0dc378048789a0a90ff6c6311586d/tumblr_mmi7ygXguP1r2xjmjo1_1280.jpg
[90-9]http://40.media.tumblr.com/e4d2ab4e0f567f0e7e86e2939e9db66f/tumblr_mmi7wz2FO71r2xjmjo1_1280.jpg
[90-10]http://41.media.tumblr.com/0b6e06c3a333085ff8e5ae6240ded314/tumblr_mmi7veQyOQ1r2xjmjo1_1280.jpg
[90-11]http://41.media.tumblr.com/8608b6c8981de96ce74c6877583993de/tumblr_mmd58hB5mI1r2xjmjo1_1280.jpg
[90-12]http://40.media.tumblr.com/141d90ae8c21a8374323667a6ca1f43d/tumblr_mmbo5tJD651r2xjmjo1_1280.jpg
[90-13]http://40.media.tumblr.com/8a3547495110ce7179fe05c1bf98b388/tumblr_mmbo0ykuJx1r2xjmjo1_1280.jpg
[90-14]http://41.media.tumblr.com/15e20777495b3ab4bb3691a787b2911d/tumblr_mm997hVnjp1r2xjmjo1_1280.jpg
[90-15]http://40.media.tumblr.com/d1e82e7ecb1de21ee8d5e274faa01e9d/tumblr_mm996eEFKM1r2xjmjo1_1280.jpg


(15)
[91-1]http://41.media.tumblr.com/e44c9a71721b8d91944efa72b2bc415e/tumblr_mm9951mYp91r2xjmjo1_1280.jpg
[91-2]http://40.media.tumblr.com/4f785ceea96e818cb93586d530561be0/tumblr_mm9933toCf1r2xjmjo1_1280.jpg
[91-3]http://40.media.tumblr.com/e3f497d1c01134cf7d3af0e98efc956d/tumblr_mm98uljtkq1r2xjmjo1_1280.jpg
[91-4]http://41.media.tumblr.com/ba1c2db7662c32b8695861601e89725e/tumblr_mm98tgV44z1r2xjmjo1_1280.jpg
[91-5]http://40.media.tumblr.com/4df1837899a753516854581429936237/tumblr_mm98skcYBs1r2xjmjo1_1280.jpg
[91-6]http://41.media.tumblr.com/f63a41ec2e727ff98f9ecc60a539a0d1/tumblr_mm98rfksnN1r2xjmjo1_1280.jpg
[91-7]http://36.media.tumblr.com/907e3879334f00254435ffbbd95e3cd4/tumblr_mm98o6T1ad1r2xjmjo1_1280.jpg
[91-8]http://41.media.tumblr.com/a2f438aface3b9a363a27753a2e202d0/tumblr_mm98m6tjQh1r2xjmjo1_1280.jpg
[91-9]http://40.media.tumblr.com/c510786fc5595e52832138e5e3e4b0d8/tumblr_mm97seBwD51r2xjmjo1_1280.jpg
[91-10]http://41.media.tumblr.com/8019d405a2bb8837ec74d5930cb3a439/tumblr_mm97r4rrXd1r2xjmjo1_1280.jpg
[91-11]http://40.media.tumblr.com/fde9531fed18e11d0018db310d073169/tumblr_mm97ooFelb1r2xjmjo1_1280.jpg
[91-12]http://40.media.tumblr.com/3691707154d2e10b02cb1ad25f38ab43/tumblr_mm97mxzTL51r2xjmjo1_1280.jpg
[91-13]http://40.media.tumblr.com/d5cf9c7dd419db7be828433e8014ea06/tumblr_mm97m8c3qM1r2xjmjo1_1280.jpg
[91-14]http://41.media.tumblr.com/aa55ec3325e8abf947fc7f346736f54b/tumblr_mm97lc4QxF1r2xjmjo1_1280.jpg
[91-15]http://40.media.tumblr.com/789b03a6e05e2f57dd52116a6190462c/tumblr_mm97j5D5dV1r2xjmjo1_1280.jpg


(15)
[92-1]http://41.media.tumblr.com/1d780d0f6d9a77045a538846515039bb/tumblr_mm97f9ZnFe1r2xjmjo1_1280.jpg
[92-2]http://41.media.tumblr.com/0126e56bc36d2f7db4d2505ef81d5fa8/tumblr_mm97c2qTMv1r2xjmjo1_1280.jpg
[92-3]http://41.media.tumblr.com/60631583f535107801a0ff2468e53c2d/tumblr_mm97a3epXs1r2xjmjo1_1280.jpg
[92-4]http://40.media.tumblr.com/a17bd47d1d17df58035e88b869ebe2a9/tumblr_mm978j6YGn1r2xjmjo1_1280.jpg
[92-5]http://41.media.tumblr.com/58086fec135a97a8fb28dc47187c1be3/tumblr_mm976h9hWG1r2xjmjo1_1280.jpg
[92-6]http://36.media.tumblr.com/347a7fe05dcd1a55aeb7da115ba0870a/tumblr_mm9743T3f11r2xjmjo1_1280.jpg
[92-7]http://41.media.tumblr.com/f8c5c2f515868121e54b7991a6739ad6/tumblr_mm971nbreP1r2xjmjo1_1280.jpg
[92-8]http://41.media.tumblr.com/39891d5cc0ceb133ec271599ad759785/tumblr_mm96z21Hxk1r2xjmjo1_1280.jpg
[92-9]http://40.media.tumblr.com/d3d990a35c076d18849edec980b259bd/tumblr_mm96umgQTL1r2xjmjo1_1280.jpg
[92-10]http://41.media.tumblr.com/3dba065b6384cbe28340212f7bdb5afe/tumblr_mm96sudCCk1r2xjmjo1_1280.jpg
[92-11]http://40.media.tumblr.com/5761f86173c39014118071d1e09133c0/tumblr_mm96r45DAP1r2xjmjo1_1280.jpg
[92-12]http://40.media.tumblr.com/99b82417dbfa49df1da62cc8f1648aca/tumblr_mm96oyg1SY1r2xjmjo1_1280.jpg
[92-13]http://36.media.tumblr.com/eb34abe97d3296603eb80d1a4271b219/tumblr_mm96n5RG3Z1r2xjmjo1_1280.jpg
[92-14]http://41.media.tumblr.com/cf739f23fad6afaeba7169c06e086ede/tumblr_mm96lbxJuL1r2xjmjo1_1280.jpg
[92-15]http://41.media.tumblr.com/03b808f655ef48a2f23c4225563b13db/tumblr_mm96jcOY1v1r2xjmjo1_1280.jpg


(15)
[93-1]http://40.media.tumblr.com/3cb20509b981d464af9e4f44341a7d63/tumblr_mm96hhD9sh1r2xjmjo1_1280.jpg
[93-2]http://41.media.tumblr.com/b9b99b748c6d8a8399e23f8c335885ab/tumblr_mm96g9eDot1r2xjmjo1_1280.jpg
[93-3]http://40.media.tumblr.com/ca912f0175ff599944e4ad16bd0f8cd5/tumblr_mm3u2bVtRY1r2xjmjo1_1280.jpg
[93-4]http://41.media.tumblr.com/5b12b107a6d6d1f2b4a552a67118da15/tumblr_mm1vmqHbev1r2xjmjo1_1280.jpg
[93-5]http://40.media.tumblr.com/c471444b92b6f903a70117643d79af14/tumblr_mm1vgyumZC1r2xjmjo1_1280.jpg
[93-6]http://40.media.tumblr.com/d8e9f90c270a0a622adc0dd1fc1749ee/tumblr_mm1uczUSfG1r2xjmjo1_1280.jpg
[93-7]http://41.media.tumblr.com/84b8eee6a6554e5c13f887fce91c0516/tumblr_mm1sziyrec1r2xjmjo1_1280.jpg
[93-8]http://41.media.tumblr.com/18762e5902a85bc40cae5e198a71782f/tumblr_mm0z4aippt1r2xjmjo1_1280.jpg
[93-9]http://41.media.tumblr.com/c0ef4479449b61daf56a2e7a33adcfbc/tumblr_mm0xg1k5oB1r2xjmjo1_1280.jpg
[93-10]http://41.media.tumblr.com/e83d868cf151d4adaee08a617d00367c/tumblr_mm0xcpeTNS1r2xjmjo1_1280.jpg
[93-11]http://36.media.tumblr.com/d3f6f277dfe215e8f1c74a5d0ab35c27/tumblr_mm0x934Wrp1r2xjmjo1_1280.jpg
[93-12]http://40.media.tumblr.com/47f3c1650f4c47536b7d8639df1a2227/tumblr_mlxh3arO9R1r2xjmjo1_1280.jpg
[93-13]http://40.media.tumblr.com/03b808f655ef48a2f23c4225563b13db/tumblr_mlwbx1RzQx1r2xjmjo1_1280.jpg
[93-14]http://41.media.tumblr.com/eab5d60fb17b6953defdf0c6c9ece7ff/tumblr_mlrsl6sgkN1r2xjmjo1_1280.jpg
[93-15]http://40.media.tumblr.com/96a1bce012baf1633a4429e57575a62e/tumblr_mlj5rwaUmX1r2xjmjo1_1280.jpg


(15)
[94-1]http://41.media.tumblr.com/45061f1c3e6600fd1ed75ba5fe5b4c92/tumblr_mlj5qb6QmA1r2xjmjo1_1280.jpg
[94-2]http://40.media.tumblr.com/5f011812cb16ed1d8b970784f372002b/tumblr_mlj5o9DnkS1r2xjmjo1_1280.jpg
[94-3]http://41.media.tumblr.com/7b9a5c0807df7fcae2b783c1504615bf/tumblr_mlj5krxo0M1r2xjmjo1_1280.jpg
[94-4]http://41.media.tumblr.com/c65ba893878ed2f9242453555bfc0ae5/tumblr_mlj5j8fTvk1r2xjmjo1_1280.jpg
[94-5]http://40.media.tumblr.com/f1daa8d33b3097fd1cc689ad65ad447c/tumblr_mlj5gwQ6IV1r2xjmjo1_1280.jpg
[94-6]http://40.media.tumblr.com/1b6927ed05c81fd6640950d532bde372/tumblr_mlj5fpcdTZ1r2xjmjo1_1280.jpg
[94-7]http://40.media.tumblr.com/b1dd0d543a6ef24a7d9d365a9e24c09f/tumblr_mlj58qSdYW1r2xjmjo1_1280.jpg
[94-8]http://41.media.tumblr.com/0a5ec52008fa1bf99d61d2e1591b5605/tumblr_mlj56vKZVn1r2xjmjo1_1280.jpg
[94-9]http://41.media.tumblr.com/ac369926a70c3bbb6f4cf7e12483f879/tumblr_mlj4zsQV3t1r2xjmjo1_1280.jpg
[94-10]http://41.media.tumblr.com/62d1a4020f9b8b726ea7bc55c9201a05/tumblr_mlj4yosD6y1r2xjmjo1_1280.jpg
[94-11]http://40.media.tumblr.com/c13a8c4e052cd699d91e0a420c3dc318/tumblr_mlj4x6opfK1r2xjmjo1_1280.jpg
[94-12]http://40.media.tumblr.com/1cbd05e3b62ccee4b426e078ea015d52/tumblr_mlj4ubUTh51r2xjmjo1_1280.jpg
[94-13]http://40.media.tumblr.com/dad021e6d221c009a41a51a68b0cb3db/tumblr_mlj4smvmKe1r2xjmjo1_1280.jpg
[94-14]http://41.media.tumblr.com/c21121b1c53157d0469b0a7815c90333/tumblr_ml2ytqqY0J1r2xjmjo1_1280.jpg
[94-15]http://41.media.tumblr.com/d828853b8d5528eeb92163cc4012e377/tumblr_ml2ys8JI5s1r2xjmjo1_1280.jpg


(15)
[95-1]http://40.media.tumblr.com/02b95787754e4c4eabb8c4059a48a4ae/tumblr_ml2yqtQ5Gj1r2xjmjo1_1280.jpg
[95-2]http://41.media.tumblr.com/ba25c373950d7b3ff5ec3ddaf634f080/tumblr_ml2ypcobyP1r2xjmjo1_1280.jpg
[95-3]http://40.media.tumblr.com/47a87a20b92883c9f29e38c0f55dfcac/tumblr_ml2ymmPcXF1r2xjmjo1_1280.jpg
[95-4]http://40.media.tumblr.com/6483802aa32546cd364560d3b355e907/tumblr_ml2ykr5Fe91r2xjmjo1_1280.jpg
[95-5]http://40.media.tumblr.com/c3da77a90eba9f1aa8f2c9dc12171f0b/tumblr_ml2yhg1BHT1r2xjmjo1_1280.jpg
[95-6]http://41.media.tumblr.com/6204649540ed959a5bd9f1233d2129e0/tumblr_ml2ygcxRgi1r2xjmjo1_1280.jpg
[95-7]http://41.media.tumblr.com/6ebda00f39fadfa6afe5058f9ea1a414/tumblr_ml2yewMVht1r2xjmjo1_1280.jpg
[95-8]http://36.media.tumblr.com/662c7757bc176e8e7ffa55ddd605b189/tumblr_ml2ydckWac1r2xjmjo1_1280.jpg
[95-9]http://40.media.tumblr.com/cc8f3d888ea572558bf67f6db5ca50dd/tumblr_mkpim7fzdL1r2xjmjo1_1280.jpg
[95-10]http://40.media.tumblr.com/5063c8cc7f04c8ecfd171b93daf6ac82/tumblr_mkpikmklgv1r2xjmjo1_1280.jpg
[95-11]http://40.media.tumblr.com/1ae1568eac3becfebfefe15367a46236/tumblr_mkpiesXy811r2xjmjo1_1280.jpg
[95-12]http://41.media.tumblr.com/a5582719705bfb7c48f61f47958260a8/tumblr_mkpicpn1WY1r2xjmjo1_1280.jpg
[95-13]http://41.media.tumblr.com/95bdae28fc732a5bb445d4d050c13a30/tumblr_mkpiaxed0Z1r2xjmjo1_1280.jpg
[95-14]http://41.media.tumblr.com/ee50f1e1d54086f9b8f6180579c68537/tumblr_mkpi9z9kJR1r2xjmjo1_1280.jpg
[95-15]http://36.media.tumblr.com/227aeea5a16dea6e04be6e2ddd47effa/tumblr_mkpi8uylR21r2xjmjo1_1280.jpg


(15)
[96-1]http://40.media.tumblr.com/0a98c3e51455bf9771154748cf9bdc40/tumblr_mkpi80vYar1r2xjmjo1_1280.jpg
[96-2]http://40.media.tumblr.com/5df2bfc064ffe2f777e397bacee73979/tumblr_mkpi74Xay61r2xjmjo1_1280.jpg
[96-3]http://40.media.tumblr.com/b1dd0d543a6ef24a7d9d365a9e24c09f/tumblr_mkpi59mIPF1r2xjmjo1_1280.jpg
[96-4]http://41.media.tumblr.com/0bb1e5cb44a07cd0d2f25ea4410da226/tumblr_mkpi3oghPM1r2xjmjo1_1280.jpg
[96-5]http://41.media.tumblr.com/a1d60edadec4593c2672308d3285ed47/tumblr_mkpi2bCoGm1r2xjmjo1_1280.jpg
[96-6]http://40.media.tumblr.com/58eb0cad8e5f2b3dda7d35a6d9c49d22/tumblr_mkphzvSr8d1r2xjmjo1_1280.jpg
[96-7]http://40.media.tumblr.com/10e09f1c8ac7f82ea4188675bb7d96be/tumblr_mkphyeiecE1r2xjmjo1_1280.jpg
[96-8]http://40.media.tumblr.com/8ddb668818bb163bd5d4cd6f6d31ce65/tumblr_mkphxj9qaO1r2xjmjo1_1280.jpg
[96-9]http://41.media.tumblr.com/92368e1f8a05051eab09e9a4fbe1336d/tumblr_mkphw15wen1r2xjmjo1_1280.jpg
[96-10]http://41.media.tumblr.com/05f36916afe26328827e585072d7575b/tumblr_mkphqrsi1I1r2xjmjo1_1280.jpg
[96-11]http://41.media.tumblr.com/95f11d089ebb99983fc5c8ca6b1540f3/tumblr_mkphmb37OI1r2xjmjo1_1280.jpg
[96-12]http://40.media.tumblr.com/50c222fd369de171b49233a0e2942d22/tumblr_mkphl98D3Z1r2xjmjo1_1280.jpg
[96-13]http://40.media.tumblr.com/29eeb443800c61f20ab927cdc4db307d/tumblr_mkphiqOi5r1r2xjmjo1_1280.jpg
[96-14]http://41.media.tumblr.com/e4e093d203dbdc593d6a593c18e7fa23/tumblr_mkphhrnWVH1r2xjmjo1_1280.jpg
[96-15]http://36.media.tumblr.com/9c844b37f5defa775aecae194a2743c0/tumblr_mkphgtdLIY1r2xjmjo1_1280.jpg


(15)
[97-1]http://41.media.tumblr.com/4614a3263f707ab2fd843df53f688c87/tumblr_mkphf2UKW81r2xjmjo1_1280.jpg
[97-2]http://40.media.tumblr.com/ba602878414913f57a55cfa905056859/tumblr_mkphdog3zU1r2xjmjo1_1280.jpg
[97-3]http://36.media.tumblr.com/11173c484d5b48f71632353d8a735b05/tumblr_mkphbagZTb1r2xjmjo1_1280.jpg
[97-4]http://40.media.tumblr.com/820e8b97769e9e04ab0ceb4b0343f042/tumblr_mkph9uyUSP1r2xjmjo1_1280.jpg
[97-5]http://41.media.tumblr.com/79fd1ea04d7a2f28e952bf50bb20f973/tumblr_mkgfq9tnOs1r2xjmjo1_1280.jpg
[97-6]http://41.media.tumblr.com/b385da016db54547d57cf50690b48883/tumblr_mkgfpc2Nra1r2xjmjo1_1280.jpg
[97-7]http://41.media.tumblr.com/80f55da87acadc7a4fe87b4b7622c4d4/tumblr_mkgfniFtym1r2xjmjo1_1280.jpg
[97-8]http://41.media.tumblr.com/3bee0223f9b2e5324591d7e90f483101/tumblr_mkgflphiJ41r2xjmjo1_1280.jpg
[97-9]http://40.media.tumblr.com/533ee9f3699aa5f4496503d42aee9ebc/tumblr_mkgfk0knaG1r2xjmjo1_1280.jpg
[97-10]http://40.media.tumblr.com/ce3e7a0141bb59bfe5af360382202999/tumblr_mkgfj30CAb1r2xjmjo1_1280.jpg
[97-11]http://41.media.tumblr.com/1e8b5f51372244069cf6596411da1962/tumblr_mkgfi0WCds1r2xjmjo1_1280.jpg
[97-12]http://41.media.tumblr.com/87f157e5dda1b4604d5f20c7a96761cc/tumblr_mkgfgiMPAK1r2xjmjo1_1280.jpg
[97-13]http://40.media.tumblr.com/a25b6a65e07104bfbc12bf6429cb70d1/tumblr_mkgffhPTMc1r2xjmjo1_1280.jpg
[97-14]http://40.media.tumblr.com/25101d4f95ea0df2c7a79f24faae875b/tumblr_mkgfegtxUQ1r2xjmjo1_1280.jpg
[97-15]http://41.media.tumblr.com/299d25a9ad82c60ecb698dab96fc6096/tumblr_mkgfdd5XCM1r2xjmjo1_1280.jpg


(15)
[98-1]http://41.media.tumblr.com/49e03271d8e61ef3e51fd6e5d3bcbd1f/tumblr_mkgfbj81Ne1r2xjmjo1_1280.jpg
[98-2]http://40.media.tumblr.com/bd1fab44c6c6190048b040d654f0b954/tumblr_mkgfalZ7Se1r2xjmjo1_1280.jpg
[98-3]http://41.media.tumblr.com/e63931cba04f53ae9893a688ee354e75/tumblr_mkgf9eGORf1r2xjmjo1_1280.jpg
[98-4]http://41.media.tumblr.com/c27f2e164526f89c9ab1ab388ac04c0a/tumblr_mkgf4n5XIy1r2xjmjo1_1280.jpg
[98-5]http://36.media.tumblr.com/f6f814561704361f574d2d4afd6909a7/tumblr_mkdijjYyGm1r2xjmjo1_1280.jpg
[98-6]http://40.media.tumblr.com/c4b009f2fb79b36685a94ba4b498aa2d/tumblr_mkdiir0C1A1r2xjmjo1_1280.jpg
[98-7]http://41.media.tumblr.com/f5de63abc941a294ed2d78c02c887a04/tumblr_mkdig9rWB61r2xjmjo1_1280.jpg
[98-8]http://41.media.tumblr.com/b9703e4c660affc9cdd300ebf9d3c6d6/tumblr_mkdif8k7K41r2xjmjo1_1280.jpg
[98-9]http://40.media.tumblr.com/503c389f88ce764a6445987365b4ff2a/tumblr_mkdidqCzFW1r2xjmjo1_1280.jpg
[98-10]http://41.media.tumblr.com/b0bff1bfc4db0e291162e45ec36cfa0d/tumblr_mkdicaVCtE1r2xjmjo1_1280.jpg
[98-11]http://40.media.tumblr.com/45fb7db1f2f2a58223b03b8c73747a67/tumblr_mkdiabFmK51r2xjmjo1_1280.jpg
[98-12]http://40.media.tumblr.com/4e7f66cfca20a62ebc2b77e862c241eb/tumblr_mkdi98GCfn1r2xjmjo1_1280.jpg
[98-13]http://41.media.tumblr.com/a6f47858e3bfaad3575947b5dc71b218/tumblr_mkdi7ykiV71r2xjmjo1_1280.jpg
[98-14]http://40.media.tumblr.com/994bf28a46f7a3bb68e10649a7fc6509/tumblr_mkdi6hWAeP1r2xjmjo1_1280.jpg
[98-15]http://40.media.tumblr.com/873501d36b7ef6aa449889c44f4816a4/tumblr_mkdi0zIoxa1r2xjmjo1_1280.jpg


(15)
[99-1]http://41.media.tumblr.com/69632a82f1f6e265f8b2461463f120f2/tumblr_mkdhzdtcSt1r2xjmjo1_1280.jpg
[99-2]http://40.media.tumblr.com/679b08f085743417a6fd34d966719292/tumblr_mkdhxgf9RM1r2xjmjo1_1280.jpg
[99-3]http://41.media.tumblr.com/bcc015eb49b7d3d43d06a234e364bb7c/tumblr_mkdhvz9Dis1r2xjmjo1_1280.jpg
[99-4]http://41.media.tumblr.com/800f926023a4dfa60c949f188f9b8996/tumblr_mkdhuwZ7FC1r2xjmjo1_1280.jpg
[99-5]http://41.media.tumblr.com/ca92bf0836756d20aea3a21121f4616b/tumblr_mkdhpdsYGf1r2xjmjo1_1280.jpg
[99-6]http://41.media.tumblr.com/ff9e182e8fb5a1bd0c09e128d4831bfc/tumblr_mkdhnv3W701r2xjmjo1_1280.jpg
[99-7]http://41.media.tumblr.com/26a4dab5b27377f6fa797f4607a378b5/tumblr_mkdhj6VGIH1r2xjmjo1_1280.jpg
[99-8]http://41.media.tumblr.com/07b02d002aa7852ae51e606d02494513/tumblr_mkdhiaAaVH1r2xjmjo1_1280.jpg
[99-9]http://41.media.tumblr.com/0da25631551bcabb14c0671f93cdc87a/tumblr_mkdhh71BlR1r2xjmjo1_1280.jpg
[99-10]http://40.media.tumblr.com/d6c5f7cf7fed904cca8628533d6b0c79/tumblr_mkdhfi9gyJ1r2xjmjo1_1280.jpg
[99-11]http://36.media.tumblr.com/452ff2170ca70e595abcccce2fcae031/tumblr_mkdhdzWIXb1r2xjmjo1_1280.jpg
[99-12]http://40.media.tumblr.com/c2add8f9048fc8f3256431653d5d04ee/tumblr_mkdhb9vRd51r2xjmjo1_1280.jpg
[99-13]http://41.media.tumblr.com/ebcfdb7d902a65a6e0c6e14fe032acb7/tumblr_mkdha7ZA2I1r2xjmjo1_1280.jpg
[99-14]http://41.media.tumblr.com/80a8a349180912d134f68e1184b9899b/tumblr_mkdh8zQ9Gg1r2xjmjo1_1280.jpg
[99-15]http://41.media.tumblr.com/2c8aa67049e556207df7503624d5c9eb/tumblr_mkdh7eIoi71r2xjmjo1_1280.jpg


(15)
[80-1]http://36.media.tumblr.com/5b98c1a901f883d9701ef4f2b7180d3c/tumblr_moxl0hCDT41r2xjmjo1_1280.jpg
[80-2]http://40.media.tumblr.com/9e57db46d06820f443083bf93f510c09/tumblr_moxkyfnFJB1r2xjmjo1_1280.jpg
[80-3]http://41.media.tumblr.com/615daa698111a861a6e75a1eeec58838/tumblr_moxktfIrDL1r2xjmjo1_1280.jpg
[80-4]http://41.media.tumblr.com/cb747cf105c8ccd4e48c0721a13a1719/tumblr_moxkrxiQGX1r2xjmjo1_1280.jpg
[80-5]http://41.media.tumblr.com/c2138388b054e65cb1a33ff1d5de0c8b/tumblr_moxkpe8lID1r2xjmjo1_1280.jpg
[80-6]http://41.media.tumblr.com/4264e1088f1354265c254944e05f0fe8/tumblr_moxkmpOAwo1r2xjmjo1_1280.jpg
[80-7]http://36.media.tumblr.com/3b17a4bfe8c0a3fdcaa3c041b9d27c8d/tumblr_moxkgc3DKC1r2xjmjo1_1280.jpg
[80-8]http://41.media.tumblr.com/c72c5382f3f06ea194782fd8af9948ad/tumblr_moxkdjMb5G1r2xjmjo1_1280.jpg
[80-9]http://40.media.tumblr.com/498adde4bbb4b425ca9372120b3ba690/tumblr_moiythag971r2xjmjo1_1280.jpg
[80-10]http://40.media.tumblr.com/a9a9598b15dbbe4f5ed52e74a95c8894/tumblr_moivo9mL5j1r2xjmjo1_1280.jpg
[80-11]http://40.media.tumblr.com/55a76320092d404c38c258d429671f53/tumblr_moivifAUtH1r2xjmjo1_1280.jpg
[80-12]http://40.media.tumblr.com/45295e06e220d5d5eb4b495f46d9aa73/tumblr_moivgssWVs1r2xjmjo1_1280.jpg
[80-13]http://41.media.tumblr.com/7d3a2075e465b3c38cfa2d6a8edf7800/tumblr_moiva4kpzU1r2xjmjo1_1280.jpg
[80-14]http://40.media.tumblr.com/ffbaadc7ad803329bf301ff17fe1e8fc/tumblr_moiv6zSnRl1r2xjmjo1_1280.jpg
[80-15]http://40.media.tumblr.com/f90117efd090a49cd5c819d5ee62f534/tumblr_moiv430uit1r2xjmjo1_1280.jpg


(15)
[81-1]http://40.media.tumblr.com/b3739690f4dfd695d8f4f40a6ee30d88/tumblr_moiuzvwW7n1r2xjmjo1_1280.jpg
[81-2]http://41.media.tumblr.com/aeafe257612829c70f9b9f03380715da/tumblr_moiuv54IHU1r2xjmjo1_1280.jpg
[81-3]http://40.media.tumblr.com/4544dd491e19cb97e2891b0ce3c5b5b4/tumblr_moisq0auSZ1r2xjmjo1_1280.jpg
[81-4]http://40.media.tumblr.com/87bb63a08c950242fc18475de7bce90c/tumblr_moir0b7j5z1r2xjmjo1_1280.jpg
[81-5]http://40.media.tumblr.com/6c8ac93420daa8ba396f0d931bc30304/tumblr_moiqrl9jex1r2xjmjo1_1280.jpg
[81-6]http://36.media.tumblr.com/518ac0cb6e2f46013e4936901d69d593/tumblr_moiqn7pS5B1r2xjmjo1_1280.jpg
[81-7]http://41.media.tumblr.com/2044c9f6982e3a4d6123ed3bf3373a52/tumblr_moiqf4Bl0H1r2xjmjo1_1280.jpg
[81-8]http://41.media.tumblr.com/10b29414417d3e47a165c0fe2c05ac2c/tumblr_moipq4OSra1r2xjmjo1_1280.jpg
[81-9]http://36.media.tumblr.com/b450de443da01e545efeb805257bea1a/tumblr_moipc9373g1r2xjmjo1_1280.jpg
[81-10]http://41.media.tumblr.com/cf62c452a2a0513346cca73f9099722c/tumblr_moip8qPmBb1r2xjmjo1_1280.jpg
[81-11]http://41.media.tumblr.com/2d3be6e7ed4a505c470821556bc7752f/tumblr_mocfnerVeO1r2xjmjo1_1280.jpg
[81-12]http://41.media.tumblr.com/f36a05efc86919db723d47b6a28f23d0/tumblr_mocflx9K4g1r2xjmjo1_1280.jpg
[81-13]http://40.media.tumblr.com/0f3c25712777bad24c8fa091eb597bb0/tumblr_mocfkk9RIt1r2xjmjo1_1280.jpg
[81-14]http://40.media.tumblr.com/85f2a4085789107786285c4af641106c/tumblr_mocfjfcAi11r2xjmjo1_1280.jpg
[81-15]http://40.media.tumblr.com/a5d450760db554be6dd1c06ea11a5552/tumblr_mocfhzs1aO1r2xjmjo1_1280.jpg


(15)
[82-1]http://41.media.tumblr.com/700aba725e59d3f82f9d2fe913845bb7/tumblr_mocfgqSXoX1r2xjmjo1_1280.jpg
[82-2]http://41.media.tumblr.com/79f62e77f867ab2e0f495c2e5ac30709/tumblr_mocf4h0Wj31r2xjmjo1_1280.jpg
[82-3]http://41.media.tumblr.com/868ab8e316684eb8eed7c9d892bb0725/tumblr_mocer2x16H1r2xjmjo1_1280.jpg
[82-4]http://36.media.tumblr.com/3df4b6e47128936fe6e1c18e59429903/tumblr_moceopnCJL1r2xjmjo1_1280.jpg
[82-5]http://41.media.tumblr.com/5d37279df8d1b6e4e5a025ee53d8eea7/tumblr_mocemg6HZi1r2xjmjo1_1280.jpg
[82-6]http://41.media.tumblr.com/b6ee5028877144aa8526521725df92f4/tumblr_mocej8UYXy1r2xjmjo1_1280.jpg
[82-7]http://41.media.tumblr.com/cf754925ad060e70df559ecace0f5620/tumblr_mocecv6Plx1r2xjmjo1_1280.jpg
[82-8]http://40.media.tumblr.com/709ae8958ccf14b537b6d79b1b6267d4/tumblr_moce9laxpP1r2xjmjo1_1280.jpg
[82-9]http://36.media.tumblr.com/80de57b20c4f727db52c3c23165e8072/tumblr_mo66taRJxI1r2xjmjo1_1280.jpg
[82-10]http://40.media.tumblr.com/dc8ef03914629a261b460fbbb8e4638b/tumblr_mo66nzKdeS1r2xjmjo1_1280.jpg
[82-11]http://40.media.tumblr.com/b2b2fae126771e57102366413b9d4051/tumblr_mo66l20Rwt1r2xjmjo1_1280.jpg
[82-12]http://40.media.tumblr.com/f4d4a63448f07057c869099856e5880a/tumblr_mo66e77Z5P1r2xjmjo1_1280.jpg
[82-13]http://41.media.tumblr.com/2ddeddfc654dc74175fd996cbecd4785/tumblr_mo666mFyKV1r2xjmjo1_1280.jpg
[82-14]http://41.media.tumblr.com/0b7441a57b6b6d940aa8d3f908edcef6/tumblr_mo6626cCii1r2xjmjo1_1280.jpg
[82-15]http://41.media.tumblr.com/7e1174e809b6732c1abb829dde72ebe3/tumblr_mo65trNmX11r2xjmjo1_1280.jpg


(15)
[83-1]http://41.media.tumblr.com/f6bbd85919686c6b00ee817b746d7fcd/tumblr_mo65o6t8ID1r2xjmjo1_1280.jpg
[83-2]http://41.media.tumblr.com/612d39844301bc4b50b545b24a33a764/tumblr_mo65jhVVIM1r2xjmjo1_1280.jpg
[83-3]http://41.media.tumblr.com/6645ab6af143d1edcf217717b5e959fa/tumblr_mo65flwxk11r2xjmjo1_1280.jpg
[83-4]http://36.media.tumblr.com/549e2e4bbc1e5aa41295947fe4af5520/tumblr_mo65bw3WHi1r2xjmjo1_1280.jpg
[83-5]http://40.media.tumblr.com/ea6911bcfa4dbab3eb139075c7e9fdf7/tumblr_mo64x7dB5S1r2xjmjo1_1280.jpg
[83-6]http://40.media.tumblr.com/a7f647cbb48c16efb68c18a863804c3b/tumblr_mo64py5HIR1r2xjmjo1_1280.jpg
[83-7]http://41.media.tumblr.com/8eb1b6e12cd367b37137d855e4171017/tumblr_mo64luDMZs1r2xjmjo1_1280.jpg
[83-8]http://40.media.tumblr.com/997f684443f064acaa985b2eb9dec3aa/tumblr_mo64jb60nY1r2xjmjo1_1280.jpg
[83-9]http://41.media.tumblr.com/5689a74cfa4a0a84bae5b2ed379009e1/tumblr_mo64gvLd1F1r2xjmjo1_1280.jpg
[83-10]http://36.media.tumblr.com/bfb8c393489f295115aee5565e8f2014/tumblr_mo64bvYwjB1r2xjmjo1_1280.jpg
[83-11]http://41.media.tumblr.com/f5ddaf3115de29ab4928b3b70b2d8747/tumblr_mo646uhkBi1r2xjmjo1_1280.jpg
[83-12]http://36.media.tumblr.com/3355c1222566de030a73e8cf05305f19/tumblr_mnuoke0vnm1r2xjmjo1_1280.jpg
[83-13]http://41.media.tumblr.com/46ee7ce2ac6e250f4f0155ca4d5187c7/tumblr_mnuoh6wssT1r2xjmjo1_1280.jpg
[83-14]http://41.media.tumblr.com/9cd5e5d0b1aaedecdc047dfc69384dd3/tumblr_mnuo65tX311r2xjmjo1_1280.jpg
[83-15]http://40.media.tumblr.com/230a219c30d01c56d74f3d70b5e7c720/tumblr_mnunjn7ixA1r2xjmjo1_1280.jpg


(15)
[84-1]http://36.media.tumblr.com/7e3958a992a9e02b6b9730c67fe63518/tumblr_mnund9Fx2b1r2xjmjo1_1280.jpg
[84-2]http://41.media.tumblr.com/4623c94348eb1bf61019c2abbcc48886/tumblr_mnunadnkA61r2xjmjo1_1280.jpg
[84-3]http://40.media.tumblr.com/be8e17c8972c96fd97e4c97b817f3810/tumblr_mnun6thfJp1r2xjmjo1_1280.jpg
[84-4]http://41.media.tumblr.com/610ac780b9158ab4b1e914ba669521be/tumblr_mnqvrzUR8i1r2xjmjo1_1280.jpg
[84-5]http://40.media.tumblr.com/20feb098628abb66d5affc436406d719/tumblr_mnqvoxraB81r2xjmjo1_1280.jpg
[84-6]http://41.media.tumblr.com/5fe749b5bb1325ec7ff47b67b98677a6/tumblr_mnquhniWvt1r2xjmjo1_1280.jpg
[84-7]http://41.media.tumblr.com/23481e1275328a67d224410b31072ed9/tumblr_mnqufyGboc1r2xjmjo1_1280.jpg
[84-8]http://40.media.tumblr.com/6c465d864c34299920ea00678aed8c7b/tumblr_mnque1ZKGs1r2xjmjo1_1280.jpg
[84-9]http://41.media.tumblr.com/62454127713d6ef977c655ca4337db64/tumblr_mnqucrDHw11r2xjmjo1_1280.jpg
[84-10]http://40.media.tumblr.com/1419d7b74a36129a644c1ccb2aab9c8c/tumblr_mnqu9deVr61r2xjmjo1_1280.jpg
[84-11]http://41.media.tumblr.com/1f1649c1b36ff0e114eac4c590f91397/tumblr_mnqu1corcf1r2xjmjo1_1280.jpg
[84-12]http://40.media.tumblr.com/39803c35ea492953c026e6e4d9de3275/tumblr_mnqu00wAFw1r2xjmjo1_1280.jpg
[84-13]http://36.media.tumblr.com/18d173c0dfd8edfa37daea6b59feb472/tumblr_mnqtwo5YoY1r2xjmjo1_1280.jpg
[84-14]http://41.media.tumblr.com/0930dbc49e7e25a3af1970a6794e2f0c/tumblr_mnqtr8yRL61r2xjmjo1_1280.jpg
[84-15]http://41.media.tumblr.com/0ee302bdee35ae84d3b3eb02e8e14df8/tumblr_mnqtj8f6pk1r2xjmjo1_1280.jpg


(15)
[85-1]http://40.media.tumblr.com/b0aedd9dba9c2b2152ac0e19f81b07be/tumblr_mnqtgmwpbw1r2xjmjo1_1280.jpg
[85-2]http://40.media.tumblr.com/1feca66b1c3f741fc4e98bd2e7f15382/tumblr_mnqtf0ppf81r2xjmjo1_1280.jpg
[85-3]http://40.media.tumblr.com/68fb827ad50583838b1636d5c09a84b6/tumblr_mnqtc4zlUk1r2xjmjo1_1280.jpg
[85-4]http://41.media.tumblr.com/0dea8015e46d06d79fcc8417210c6500/tumblr_mnqt8y7Ayb1r2xjmjo1_1280.jpg
[85-5]http://41.media.tumblr.com/78ca08abac97dd1b82fb946c079f257b/tumblr_mnqsz8C6w31r2xjmjo1_1280.jpg
[85-6]http://36.media.tumblr.com/a28711d22963b52ff247737783ab0677/tumblr_mnqsv7kxbq1r2xjmjo1_1280.jpg
[85-7]http://36.media.tumblr.com/5581e78b1e19558156c949a5620f99e4/tumblr_mnqsr468oy1r2xjmjo1_1280.jpg
[85-8]http://41.media.tumblr.com/f79859ccf3454a0e9ef6a04671617dfc/tumblr_mnqs9lF1ST1r2xjmjo1_1280.jpg
[85-9]http://40.media.tumblr.com/92c6b8bbba13923de262c8e73e80621b/tumblr_mnqs7qyDGI1r2xjmjo1_1280.jpg
[85-10]http://40.media.tumblr.com/0f0f75763f532ef4fe271add49753151/tumblr_mnqs23jhno1r2xjmjo1_1280.jpg
[85-11]http://41.media.tumblr.com/dc1b53f4b7cb75179dbfeb08f762fb28/tumblr_mnqs0qbHs21r2xjmjo1_1280.jpg
[85-12]http://40.media.tumblr.com/59d7f67bc701460bbde26e4c5fe477b0/tumblr_mnqrywzjCk1r2xjmjo1_1280.jpg
[85-13]http://40.media.tumblr.com/8e52aafd0605d4533dca8b02cbff24aa/tumblr_mnqruoP5Rl1r2xjmjo1_1280.jpg
[85-14]http://41.media.tumblr.com/8b4c7585a24c6b6af24521a1ebf870d3/tumblr_mnqrqzrOfA1r2xjmjo1_1280.jpg
[85-15]http://41.media.tumblr.com/5491e5b439f5cff26b27176f9cfc37c7/tumblr_mnqqasSAu61r2xjmjo1_1280.jpg


(15)
[86-1]http://41.media.tumblr.com/96a1bce012baf1633a4429e57575a62e/tumblr_mnqq9xt7RV1r2xjmjo1_1280.jpg
[86-2]http://40.media.tumblr.com/45061f1c3e6600fd1ed75ba5fe5b4c92/tumblr_mnqq81i3dD1r2xjmjo1_1280.jpg
[86-3]http://41.media.tumblr.com/d81173440c67735a767fcd3149edf290/tumblr_mnqq6kuuWh1r2xjmjo1_1280.jpg
[86-4]http://36.media.tumblr.com/0023f3b284f9b1816366900f42931821/tumblr_mnqq3rCmjo1r2xjmjo1_1280.jpg
[86-5]http://36.media.tumblr.com/188963d2b413aae48cdf2ce1c5fca1c4/tumblr_mnqq2n1aiL1r2xjmjo1_1280.jpg
[86-6]http://36.media.tumblr.com/6314ddc1db32b63406a871a1e8fe553a/tumblr_mnqnpgS7aq1r2xjmjo1_1280.jpg
[86-7]http://40.media.tumblr.com/1088bb4cfcabd775dd57e809b3f088ea/tumblr_mnpr5qFfk61r2xjmjo1_1280.jpg
[86-8]http://41.media.tumblr.com/7ad6a3e0ddbe92996a4e7df1bd326271/tumblr_mnpr2xAOaw1r2xjmjo1_1280.jpg
[86-9]http://41.media.tumblr.com/f797d3c702e4730e6b0645ebd92655d8/tumblr_mnpqygELQJ1r2xjmjo1_1280.jpg
[86-10]http://40.media.tumblr.com/2c39ed70e0aa139eca240528a06c5b94/tumblr_mnpo88hFlD1r2xjmjo1_1280.jpg
[86-11]http://36.media.tumblr.com/41aa3fa9038e300a8a8ead4aaee0c549/tumblr_mnpnwwKlIZ1r2xjmjo1_1280.jpg
[86-12]http://40.media.tumblr.com/5458b8c74e23ceb8e6f9cb8cf71405ef/tumblr_mnpnrv0mbA1r2xjmjo1_1280.jpg
[86-13]http://41.media.tumblr.com/fa314eafa22fe1c693833462b8a8fa96/tumblr_mnpndjOEmM1r2xjmjo1_1280.jpg
[86-14]http://40.media.tumblr.com/0bc5046b27e761e32aee033e8aef9a00/tumblr_mnpn6w9gI21r2xjmjo1_1280.jpg
[86-15]http://41.media.tumblr.com/6d4cbaeb3c192806bea766478660d7b1/tumblr_mnpn3nHMMX1r2xjmjo1_1280.jpg


(15)
[87-1]http://36.media.tumblr.com/c7dcd8d3350edffb7ed8ca1b5339462b/tumblr_mnpmz0wAdz1r2xjmjo1_1280.jpg
[87-2]http://40.media.tumblr.com/25f377ebf344dddd2103e9e870e821d6/tumblr_mnpmve1UHf1r2xjmjo1_1280.jpg
[87-3]http://41.media.tumblr.com/f4317b56453de07b07244c0e470c64e4/tumblr_mnpmq4sryT1r2xjmjo1_1280.jpg
[87-4]http://41.media.tumblr.com/b702aad30794585f026ce4b52f2e3b4b/tumblr_mnpmmicFqm1r2xjmjo1_1280.jpg
[87-5]http://41.media.tumblr.com/600ea99869949135f93f4b5e2b8b7e3f/tumblr_mnpmimkFeG1r2xjmjo1_1280.jpg
[87-6]http://41.media.tumblr.com/8f6d789437a72b86beffefbb52f0e93f/tumblr_mnpmckI5FA1r2xjmjo1_1280.jpg
[87-7]http://40.media.tumblr.com/453548102179091118449c5919109cc9/tumblr_mnpm65rkzM1r2xjmjo1_1280.jpg
[87-8]http://41.media.tumblr.com/5fd33a9603cb83c3c6111f0a0592ab6d/tumblr_mncwm6xUat1r2xjmjo1_1280.jpg
[87-9]http://41.media.tumblr.com/f51e49b0aa7981fae3fbbaa37cd1df28/tumblr_mncwk8CbTq1r2xjmjo1_1280.jpg
[87-10]http://41.media.tumblr.com/6637509998625bb4c6702b8cf16699b7/tumblr_mncwi4rHuE1r2xjmjo1_1280.jpg
[87-11]http://40.media.tumblr.com/1f904ed3fca6d2fd5cea3e8174c403d3/tumblr_mncwg6bFuq1r2xjmjo1_1280.jpg
[87-12]http://40.media.tumblr.com/830e02669d6bda2abe742dff0de70b1d/tumblr_mncwcz1NYP1r2xjmjo1_1280.jpg


(15)
[87-1]http://36.media.tumblr.com/c7dcd8d3350edffb7ed8ca1b5339462b/tumblr_mnpmz0wAdz1r2xjmjo1_1280.jpg
[87-2]http://40.media.tumblr.com/25f377ebf344dddd2103e9e870e821d6/tumblr_mnpmve1UHf1r2xjmjo1_1280.jpg
[87-3]http://41.media.tumblr.com/f4317b56453de07b07244c0e470c64e4/tumblr_mnpmq4sryT1r2xjmjo1_1280.jpg
[87-4]http://41.media.tumblr.com/b702aad30794585f026ce4b52f2e3b4b/tumblr_mnpmmicFqm1r2xjmjo1_1280.jpg
[87-5]http://41.media.tumblr.com/600ea99869949135f93f4b5e2b8b7e3f/tumblr_mnpmimkFeG1r2xjmjo1_1280.jpg
[87-6]http://41.media.tumblr.com/8f6d789437a72b86beffefbb52f0e93f/tumblr_mnpmckI5FA1r2xjmjo1_1280.jpg
[87-7]http://40.media.tumblr.com/453548102179091118449c5919109cc9/tumblr_mnpm65rkzM1r2xjmjo1_1280.jpg
[87-8]http://41.media.tumblr.com/5fd33a9603cb83c3c6111f0a0592ab6d/tumblr_mncwm6xUat1r2xjmjo1_1280.jpg
[87-9]http://41.media.tumblr.com/f51e49b0aa7981fae3fbbaa37cd1df28/tumblr_mncwk8CbTq1r2xjmjo1_1280.jpg
[87-10]http://41.media.tumblr.com/6637509998625bb4c6702b8cf16699b7/tumblr_mncwi4rHuE1r2xjmjo1_1280.jpg
[87-11]http://40.media.tumblr.com/1f904ed3fca6d2fd5cea3e8174c403d3/tumblr_mncwg6bFuq1r2xjmjo1_1280.jpg
[87-12]http://40.media.tumblr.com/830e02669d6bda2abe742dff0de70b1d/tumblr_mncwcz1NYP1r2xjmjo1_1280.jpg
[87-13]http://41.media.tumblr.com/d1e3785fff0618cc84839f7bd44b0ddc/tumblr_mncwatkgg61r2xjmjo1_1280.jpg
[87-14]http://40.media.tumblr.com/d9a69e1efaea1574eb8f3f0e5846d510/tumblr_mncw8m4st91r2xjmjo1_1280.jpg
[87-15]http://41.media.tumblr.com/7426990aa9ef91bac3f8004a1f9bd3de/tumblr_mn9dllNDwT1r2xjmjo1_1280.jpg


(15)
[88-1]http://41.media.tumblr.com/8c15065560843ecd54e19327e605ac7b/tumblr_mn9df0oF2o1r2xjmjo1_1280.jpg
[88-2]http://41.media.tumblr.com/e9331d412e7b55bdd5de54e110b33270/tumblr_mn9d1fhtdD1r2xjmjo1_1280.jpg
[88-3]http://41.media.tumblr.com/e5a0c63799106cc1749c31ff774ef2e2/tumblr_mn9cu5wSiD1r2xjmjo1_1280.jpg
[88-4]http://40.media.tumblr.com/c73bc69ab24fb7503f39b45e0d78e23f/tumblr_mn5pjtPmcM1r2xjmjo1_1280.jpg
[88-5]http://41.media.tumblr.com/6d3a0a972991da93ff4dc60e576b8b87/tumblr_mn4fbk1myO1r2xjmjo1_1280.jpg
[88-6]http://40.media.tumblr.com/e9528f90c651411fa24459aaac979207/tumblr_mn4epzHsTS1r2xjmjo1_1280.jpg
[88-7]http://41.media.tumblr.com/f0b6f906251ecba998ac345284bfb319/tumblr_mn4em0vLeb1r2xjmjo1_1280.jpg
[88-8]http://41.media.tumblr.com/ce737c4c1890c0c382d5ec239c80b235/tumblr_mn4ejc1tOX1r2xjmjo1_1280.jpg
[88-9]http://40.media.tumblr.com/fc4ce826b3f4f3180efc049a484da71e/tumblr_mn4ef9YXAj1r2xjmjo1_1280.jpg
[88-10]http://36.media.tumblr.com/09c8580a3028987f287888efa377890a/tumblr_mn4ecw5brq1r2xjmjo1_1280.jpg
[88-11]http://40.media.tumblr.com/6bde037dca6a01483ef78b24e47572c5/tumblr_mmzyqy2PdA1r2xjmjo1_1280.jpg
[88-12]http://41.media.tumblr.com/2e6cf6dd53b28f4f5281b8ac2af48f85/tumblr_mmzy1ececI1r2xjmjo1_1280.jpg
[88-13]http://41.media.tumblr.com/400e4ad6a91e5f79a0179f996dafe2b2/tumblr_mmzxmz0se11r2xjmjo1_1280.jpg
[88-14]http://40.media.tumblr.com/a679f72db73a8fc9ebee297f6fdd1357/tumblr_mmzmqlPSKd1r2xjmjo1_1280.jpg
[88-15]http://40.media.tumblr.com/4c59215a4bc544c63855ecaa6f447e12/tumblr_mmzmnjxYas1r2xjmjo1_1280.jpg


(15)
[89-1]http://40.media.tumblr.com/a4d63f50b80f7ca7102c81dcf6614339/tumblr_mmzmlf8kCg1r2xjmjo1_1280.jpg
[89-2]http://41.media.tumblr.com/bcc9ad361169e56f6975a66376a9464d/tumblr_mmzmh1WU1j1r2xjmjo1_1280.jpg
[89-3]http://36.media.tumblr.com/c7e7415c1857080d50839a8463add19b/tumblr_mmzmd0LmlX1r2xjmjo1_1280.jpg
[89-4]http://36.media.tumblr.com/5ecc0d309853c3615142d7ad59b4094d/tumblr_mmzm21clIy1r2xjmjo1_1280.jpg
[89-5]http://41.media.tumblr.com/6ab281190f902ac56044a2ffa9e06c2d/tumblr_mmzlwbtOh11r2xjmjo1_1280.jpg
[89-6]http://40.media.tumblr.com/a5db3ecb6aa53a025a1e5ba7ac3945c5/tumblr_mmzltkssRE1r2xjmjo1_1280.jpg
[89-7]http://40.media.tumblr.com/54f7733f76d6ed7a300b8e9810f6053d/tumblr_mmzlg6GfSh1r2xjmjo1_1280.jpg
[89-8]http://40.media.tumblr.com/475d33f13b2dd9c7616be5a40af40911/tumblr_mmzlecDjEM1r2xjmjo1_1280.jpg
[89-9]http://41.media.tumblr.com/861233aecc78277e1ae664415a5426dd/tumblr_mmzl5tgAJn1r2xjmjo1_1280.jpg
[89-10]http://40.media.tumblr.com/93718baf629596cfc89f61b079629803/tumblr_mmzkz0p82k1r2xjmjo1_1280.jpg
[89-11]http://40.media.tumblr.com/5eeb8e1be468f2e98572f1ede6948dd0/tumblr_mmk3sfo3uR1r2xjmjo1_1280.jpg
[89-12]http://41.media.tumblr.com/ff3b34ec151af69e1a5e6202c139cc72/tumblr_mmk3euFAao1r2xjmjo1_1280.jpg
[89-13]http://41.media.tumblr.com/e2089e3345423ca4fd042e3d4d6b2ac2/tumblr_mmk37pi1ev1r2xjmjo1_1280.jpg
[89-14]http://41.media.tumblr.com/e3d412edb7ba7d9bde22170563d5045e/tumblr_mmk359EGow1r2xjmjo1_1280.jpg
[89-15]http://41.media.tumblr.com/7f76167cdd56b048690f437588b1fbcc/tumblr_mmk33xv89Q1r2xjmjo1_1280.jpg


(15)
[90-1]http://40.media.tumblr.com/262f8464dc432664ac23a1290cc34faa/tumblr_mmk31lWgpw1r2xjmjo1_1280.jpg
[90-2]http://41.media.tumblr.com/f7ed6f1b9b042b688d6648f75e112347/tumblr_mmk2ygL6CM1r2xjmjo1_1280.jpg
[90-3]http://40.media.tumblr.com/0582e1fb4f7f2332cea3e67f7696a1d1/tumblr_mmk2xax4NV1r2xjmjo1_1280.jpg
[90-4]http://40.media.tumblr.com/108d8969e26be2dcd0919ed8d79c7238/tumblr_mmk2sw0l4P1r2xjmjo1_1280.jpg
[90-5]http://40.media.tumblr.com/14132c19c87ffd41ea403b5ebd116f82/tumblr_mmk2pdzeyA1r2xjmjo1_1280.jpg
[90-6]http://41.media.tumblr.com/e0c0220adcf64fe5064336db284aec73/tumblr_mmi82bylo31r2xjmjo1_1280.jpg
[90-7]http://40.media.tumblr.com/a6d901dfd1d0efa9062eb9e9d2863cde/tumblr_mmi80f6fOj1r2xjmjo1_1280.jpg
[90-8]http://40.media.tumblr.com/a4f0dc378048789a0a90ff6c6311586d/tumblr_mmi7ygXguP1r2xjmjo1_1280.jpg
[90-9]http://40.media.tumblr.com/e4d2ab4e0f567f0e7e86e2939e9db66f/tumblr_mmi7wz2FO71r2xjmjo1_1280.jpg
[90-10]http://41.media.tumblr.com/0b6e06c3a333085ff8e5ae6240ded314/tumblr_mmi7veQyOQ1r2xjmjo1_1280.jpg
[90-11]http://41.media.tumblr.com/8608b6c8981de96ce74c6877583993de/tumblr_mmd58hB5mI1r2xjmjo1_1280.jpg
[90-12]http://40.media.tumblr.com/141d90ae8c21a8374323667a6ca1f43d/tumblr_mmbo5tJD651r2xjmjo1_1280.jpg
[90-13]http://40.media.tumblr.com/8a3547495110ce7179fe05c1bf98b388/tumblr_mmbo0ykuJx1r2xjmjo1_1280.jpg
[90-14]http://41.media.tumblr.com/15e20777495b3ab4bb3691a787b2911d/tumblr_mm997hVnjp1r2xjmjo1_1280.jpg
[90-15]http://40.media.tumblr.com/d1e82e7ecb1de21ee8d5e274faa01e9d/tumblr_mm996eEFKM1r2xjmjo1_1280.jpg


(15)
[91-1]http://41.media.tumblr.com/e44c9a71721b8d91944efa72b2bc415e/tumblr_mm9951mYp91r2xjmjo1_1280.jpg
[91-2]http://40.media.tumblr.com/4f785ceea96e818cb93586d530561be0/tumblr_mm9933toCf1r2xjmjo1_1280.jpg
[91-3]http://40.media.tumblr.com/e3f497d1c01134cf7d3af0e98efc956d/tumblr_mm98uljtkq1r2xjmjo1_1280.jpg
[91-4]http://41.media.tumblr.com/ba1c2db7662c32b8695861601e89725e/tumblr_mm98tgV44z1r2xjmjo1_1280.jpg
[91-5]http://40.media.tumblr.com/4df1837899a753516854581429936237/tumblr_mm98skcYBs1r2xjmjo1_1280.jpg
[91-6]http://41.media.tumblr.com/f63a41ec2e727ff98f9ecc60a539a0d1/tumblr_mm98rfksnN1r2xjmjo1_1280.jpg
[91-7]http://36.media.tumblr.com/907e3879334f00254435ffbbd95e3cd4/tumblr_mm98o6T1ad1r2xjmjo1_1280.jpg
[91-8]http://41.media.tumblr.com/a2f438aface3b9a363a27753a2e202d0/tumblr_mm98m6tjQh1r2xjmjo1_1280.jpg
[91-9]http://40.media.tumblr.com/c510786fc5595e52832138e5e3e4b0d8/tumblr_mm97seBwD51r2xjmjo1_1280.jpg
[91-10]http://41.media.tumblr.com/8019d405a2bb8837ec74d5930cb3a439/tumblr_mm97r4rrXd1r2xjmjo1_1280.jpg
[91-11]http://40.media.tumblr.com/fde9531fed18e11d0018db310d073169/tumblr_mm97ooFelb1r2xjmjo1_1280.jpg
[91-12]http://40.media.tumblr.com/3691707154d2e10b02cb1ad25f38ab43/tumblr_mm97mxzTL51r2xjmjo1_1280.jpg
[91-13]http://40.media.tumblr.com/d5cf9c7dd419db7be828433e8014ea06/tumblr_mm97m8c3qM1r2xjmjo1_1280.jpg
[91-14]http://41.media.tumblr.com/aa55ec3325e8abf947fc7f346736f54b/tumblr_mm97lc4QxF1r2xjmjo1_1280.jpg
[91-15]http://40.media.tumblr.com/789b03a6e05e2f57dd52116a6190462c/tumblr_mm97j5D5dV1r2xjmjo1_1280.jpg


(15)
[92-1]http://41.media.tumblr.com/1d780d0f6d9a77045a538846515039bb/tumblr_mm97f9ZnFe1r2xjmjo1_1280.jpg
[92-2]http://41.media.tumblr.com/0126e56bc36d2f7db4d2505ef81d5fa8/tumblr_mm97c2qTMv1r2xjmjo1_1280.jpg
[92-3]http://41.media.tumblr.com/60631583f535107801a0ff2468e53c2d/tumblr_mm97a3epXs1r2xjmjo1_1280.jpg
[92-4]http://40.media.tumblr.com/a17bd47d1d17df58035e88b869ebe2a9/tumblr_mm978j6YGn1r2xjmjo1_1280.jpg
[92-5]http://41.media.tumblr.com/58086fec135a97a8fb28dc47187c1be3/tumblr_mm976h9hWG1r2xjmjo1_1280.jpg
[92-6]http://36.media.tumblr.com/347a7fe05dcd1a55aeb7da115ba0870a/tumblr_mm9743T3f11r2xjmjo1_1280.jpg
[92-7]http://41.media.tumblr.com/f8c5c2f515868121e54b7991a6739ad6/tumblr_mm971nbreP1r2xjmjo1_1280.jpg
[92-8]http://41.media.tumblr.com/39891d5cc0ceb133ec271599ad759785/tumblr_mm96z21Hxk1r2xjmjo1_1280.jpg
[92-9]http://40.media.tumblr.com/d3d990a35c076d18849edec980b259bd/tumblr_mm96umgQTL1r2xjmjo1_1280.jpg
[92-10]http://41.media.tumblr.com/3dba065b6384cbe28340212f7bdb5afe/tumblr_mm96sudCCk1r2xjmjo1_1280.jpg
[92-11]http://40.media.tumblr.com/5761f86173c39014118071d1e09133c0/tumblr_mm96r45DAP1r2xjmjo1_1280.jpg
[92-12]http://40.media.tumblr.com/99b82417dbfa49df1da62cc8f1648aca/tumblr_mm96oyg1SY1r2xjmjo1_1280.jpg
[92-13]http://36.media.tumblr.com/eb34abe97d3296603eb80d1a4271b219/tumblr_mm96n5RG3Z1r2xjmjo1_1280.jpg
[92-14]http://41.media.tumblr.com/cf739f23fad6afaeba7169c06e086ede/tumblr_mm96lbxJuL1r2xjmjo1_1280.jpg
[92-15]http://41.media.tumblr.com/03b808f655ef48a2f23c4225563b13db/tumblr_mm96jcOY1v1r2xjmjo1_1280.jpg


(15)
[93-1]http://40.media.tumblr.com/3cb20509b981d464af9e4f44341a7d63/tumblr_mm96hhD9sh1r2xjmjo1_1280.jpg
[93-2]http://41.media.tumblr.com/b9b99b748c6d8a8399e23f8c335885ab/tumblr_mm96g9eDot1r2xjmjo1_1280.jpg
[93-3]http://40.media.tumblr.com/ca912f0175ff599944e4ad16bd0f8cd5/tumblr_mm3u2bVtRY1r2xjmjo1_1280.jpg
[93-4]http://41.media.tumblr.com/5b12b107a6d6d1f2b4a552a67118da15/tumblr_mm1vmqHbev1r2xjmjo1_1280.jpg
[93-5]http://40.media.tumblr.com/c471444b92b6f903a70117643d79af14/tumblr_mm1vgyumZC1r2xjmjo1_1280.jpg
[93-6]http://40.media.tumblr.com/d8e9f90c270a0a622adc0dd1fc1749ee/tumblr_mm1uczUSfG1r2xjmjo1_1280.jpg
[93-7]http://41.media.tumblr.com/84b8eee6a6554e5c13f887fce91c0516/tumblr_mm1sziyrec1r2xjmjo1_1280.jpg
[93-8]http://41.media.tumblr.com/18762e5902a85bc40cae5e198a71782f/tumblr_mm0z4aippt1r2xjmjo1_1280.jpg


(15)
[70-1]http://36.media.tumblr.com/aeffeae0d1a7ab8856ddd57dd8a33175/tumblr_msiycslY641r2xjmjo1_1280.jpg
[70-2]http://41.media.tumblr.com/86cd193e5424c639646f4aa52ef72e24/tumblr_msiyalJTqo1r2xjmjo1_1280.jpg
[70-3]http://40.media.tumblr.com/c5f9c02763363ac6a118bbec000918e7/tumblr_msiy5jNdz41r2xjmjo1_1280.jpg
[70-4]http://41.media.tumblr.com/71644086fd05fc7e28683e9bc44fef9c/tumblr_msiy3rVX7r1r2xjmjo1_1280.jpg
[70-5]http://41.media.tumblr.com/bb02c681afed70b42b9b804499512658/tumblr_msiy27MuHZ1r2xjmjo1_1280.jpg
[70-6]http://40.media.tumblr.com/c1dc8a8b2d4d10b36bf4788d8b41743d/tumblr_ms350sz9QO1r2xjmjo1_1280.jpg
[70-7]http://41.media.tumblr.com/0745913ddab8a7f9e46245bd9055f253/tumblr_ms34z6eiSV1r2xjmjo1_1280.jpg
[70-8]http://40.media.tumblr.com/afc8cc0e648931e600ecb1355e9da388/tumblr_ms34xhOuYc1r2xjmjo1_1280.jpg
[70-9]http://41.media.tumblr.com/a9613312133fd17665a11d5fac4cb8b8/tumblr_ms34w1kyXg1r2xjmjo1_1280.jpg
[70-10]http://36.media.tumblr.com/2aea41c389860b08f45c67e6f672d1f9/tumblr_ms1pgpoq0m1r2xjmjo1_1280.jpg
[70-11]http://41.media.tumblr.com/ac685bf655222cd438fb064c7841ab13/tumblr_ms1pf7WYeE1r2xjmjo1_1280.jpg
[70-12]http://41.media.tumblr.com/e2f3c988b97ab2dfb86ce714c89ebcf9/tumblr_ms1pe6GrSJ1r2xjmjo1_1280.jpg
[70-13]http://41.media.tumblr.com/7f52bad708553eff9f7e27d9b7da30f7/tumblr_ms1pbmViFq1r2xjmjo1_1280.jpg
[70-14]http://41.media.tumblr.com/a28368c490fbd4e21bd3011ee2438d8d/tumblr_ms1payyjxt1r2xjmjo1_1280.jpg
[70-15]http://36.media.tumblr.com/807386b6120652f84fa7f69aa3b8b4c1/tumblr_mrw3dmAreU1r2xjmjo1_1280.jpg


(15)
[71-1]http://41.media.tumblr.com/e9b078bab866559d4eb2b3a75a4642b6/tumblr_mrw3czg8UB1r2xjmjo1_1280.jpg
[71-2]http://40.media.tumblr.com/8c86d94353cd02f620b8e5281ed37429/tumblr_mrw3bdQYfL1r2xjmjo1_1280.jpg
[71-3]http://40.media.tumblr.com/56581dd1d01d54d0b88f8ae3c8903d23/tumblr_mrw3a62CDF1r2xjmjo1_1280.jpg
[71-4]http://41.media.tumblr.com/2dbef2c0d9588ff365992b40dd699542/tumblr_mrw39cizi81r2xjmjo1_1280.jpg
[71-5]http://41.media.tumblr.com/38bdca6f8b6f630da62ff5bcaf545c99/tumblr_mrw389TfaG1r2xjmjo1_1280.jpg
[71-6]http://41.media.tumblr.com/066c142f36afe43af47b1de14b23a539/tumblr_mrw37heI1V1r2xjmjo1_1280.jpg
[71-7]http://40.media.tumblr.com/a39d88256edae95670b403ee8c66e186/tumblr_mrw36j70UZ1r2xjmjo1_1280.jpg
[71-8]http://40.media.tumblr.com/521deb678e37210db40789396b75e306/tumblr_mrw35pf4k51r2xjmjo1_1280.jpg
[71-9]http://40.media.tumblr.com/9a086165410cdde6a88852ebb1674abd/tumblr_mrw34jexkh1r2xjmjo1_1280.jpg
[71-10]http://41.media.tumblr.com/9ebc5f4ceadf18477293971824f46090/tumblr_mrw33q68Q41r2xjmjo1_1280.jpg
[71-11]http://40.media.tumblr.com/e96f5d5d65730a903d32bb98e1f64a6f/tumblr_mrw337hBxE1r2xjmjo1_1280.jpg
[71-12]http://41.media.tumblr.com/e025f6a7f3c06526b521c15ed8af18c1/tumblr_mrw31xjtgu1r2xjmjo1_1280.jpg
[71-13]http://40.media.tumblr.com/d31952455bf0163acf05a5afcd987157/tumblr_mrw30huRq01r2xjmjo1_1280.jpg
[71-14]http://41.media.tumblr.com/2207e83e6e26655f3a886fddcbe13ce3/tumblr_mrw2zjesff1r2xjmjo1_1280.jpg
[71-15]http://40.media.tumblr.com/24a23d103a33d8d6bb8a980a1d21da65/tumblr_mrw2x9YgIL1r2xjmjo1_1280.jpg


(15)
[72-1]http://36.media.tumblr.com/1aa04c8156b8c3e2f1dd1b5f8c54f360/tumblr_mrklshHLTz1r2xjmjo1_1280.jpg
[72-2]http://40.media.tumblr.com/995102f849f1be8df04afc683b7c1e96/tumblr_mrklpcFeSQ1r2xjmjo1_1280.jpg
[72-3]http://41.media.tumblr.com/aa55ad2e7a71266d844eb616d5c948aa/tumblr_mrklmvjsCq1r2xjmjo1_1280.jpg
[72-4]http://41.media.tumblr.com/33b12d65b5258a03d995976ac0279131/tumblr_mrkliqxgsw1r2xjmjo1_1280.jpg
[72-5]http://40.media.tumblr.com/1a8192b1bf769fcce5998328f67743de/tumblr_mrklgaHcHD1r2xjmjo1_1280.jpg
[72-6]http://40.media.tumblr.com/4f921b2c0633a32ba7a85ecb485a2c16/tumblr_mrkldv22E41r2xjmjo1_1280.jpg
[72-7]http://41.media.tumblr.com/7c3c77a516709daa53d52ee1b211effd/tumblr_mrklboJoP21r2xjmjo1_1280.jpg
[72-8]http://40.media.tumblr.com/afccae672ee8be45478039c03699ddc9/tumblr_mrkl9iUp0U1r2xjmjo1_1280.jpg
[72-9]http://41.media.tumblr.com/3ad7ef1cae1ef85033f42e988f0d4e54/tumblr_mrkl3wOlUU1r2xjmjo1_1280.jpg
[72-10]http://36.media.tumblr.com/27875c2af1fbf2b727040bf1048576ce/tumblr_mrkl01KkIH1r2xjmjo1_1280.jpg
[72-11]http://41.media.tumblr.com/dc9d915ea63ee9db01caa116a9350a6a/tumblr_mr6w2wR0uN1r2xjmjo1_1280.jpg
[72-12]http://41.media.tumblr.com/27e5f5d904429e5041add0d2c0097d37/tumblr_mr6vyv2V331r2xjmjo1_1280.jpg
[72-13]http://41.media.tumblr.com/0c8850b37092cd09d069a642f4f5b26f/tumblr_mr6vnctgir1r2xjmjo1_1280.jpg
[72-14]http://40.media.tumblr.com/77a1c152a07373b34ce17061f56c280a/tumblr_mr6vmi3oCZ1r2xjmjo1_1280.jpg
[72-15]http://41.media.tumblr.com/90bca2d58a3c3c654aacab840e4f3b15/tumblr_mr6vlu2dyx1r2xjmjo1_1280.jpg


(15)
[73-1]http://36.media.tumblr.com/cf4fc523e2ce36c469500470b786f13f/tumblr_mr6vl5e0vm1r2xjmjo1_1280.jpg
[73-2]http://41.media.tumblr.com/855e01814e1b2a6396f1ba03af654468/tumblr_mr6vk6KWKn1r2xjmjo1_1280.jpg
[73-3]http://40.media.tumblr.com/a2516d87663a2853d7a8e3c5e405a9a1/tumblr_mr26x4tJnB1r2xjmjo1_1280.jpg
[73-4]http://40.media.tumblr.com/1e958c83642b45dbc738de7a08a65eda/tumblr_mr26w6pLvn1r2xjmjo1_1280.jpg
[73-5]http://41.media.tumblr.com/3f84dfeb6d00e378a721ffef1932fe23/tumblr_mr26uwcQvf1r2xjmjo1_1280.jpg
[73-6]http://41.media.tumblr.com/dd854c68d9412e8d1d456849697cb2b7/tumblr_mr26txS9SO1r2xjmjo1_1280.jpg
[73-7]http://40.media.tumblr.com/de353a9ba4340066fe97b05687f5e50e/tumblr_mr26sdzrZc1r2xjmjo1_1280.jpg
[73-8]http://36.media.tumblr.com/c50f31ef41ce6be9eacacd02183005cd/tumblr_mr26rbEXYt1r2xjmjo1_1280.jpg
[73-9]http://40.media.tumblr.com/cd2acbb634636a3ce33a5bb38f784967/tumblr_mr26q8PN7m1r2xjmjo1_1280.jpg
[73-10]http://40.media.tumblr.com/e0fb802139165fa547007c620e7c0091/tumblr_mr26phIzzK1r2xjmjo1_1280.jpg
[73-11]http://41.media.tumblr.com/df5aa904ac80c4e01951e3248a3e2536/tumblr_mr26olaq0E1r2xjmjo1_1280.jpg
[73-12]http://41.media.tumblr.com/27a9842c0b4af1c983c014113c84dba7/tumblr_mqyhcivIrI1r2xjmjo1_1280.jpg
[73-13]http://36.media.tumblr.com/89d211e8017a3d5faadfa3c5c1c3a729/tumblr_mqyhaaz3RA1r2xjmjo1_1280.jpg
[73-14]http://40.media.tumblr.com/235a7a2e2f93579fb2086fdaf7cc3f91/tumblr_mqxtp7KKJL1r2xjmjo1_1280.jpg
[73-15]http://41.media.tumblr.com/e561c7b7b407d6ed41bb7a802073d396/tumblr_mqxtnmHB2k1r2xjmjo1_1280.jpg


(15)
[74-1]http://40.media.tumblr.com/eda50b9b3a8463614235f1050a92f018/tumblr_mqxtk0sK3u1r2xjmjo1_1280.jpg
[74-2]http://41.media.tumblr.com/04ace1e1199d3f866115bacf76ba7d95/tumblr_mqxthoi3VH1r2xjmjo1_1280.jpg
[74-3]http://41.media.tumblr.com/ac1f6b16d87ca96ef654638baf405351/tumblr_mqxtglDdfD1r2xjmjo1_1280.jpg
[74-4]http://40.media.tumblr.com/10da5e9112e1737b84b98930249a1041/tumblr_mqxsxydyFI1r2xjmjo1_1280.jpg
[74-5]http://40.media.tumblr.com/d69894913ab0331ee9126bae6822be76/tumblr_mqxsvmqmHM1r2xjmjo1_1280.jpg
[74-6]http://36.media.tumblr.com/e5f0fcbb2d93b7823bb7d171f6429345/tumblr_mqxsts4Uvz1r2xjmjo1_1280.jpg
[74-7]http://41.media.tumblr.com/dde32a6dcd42476e36105cea8233dcd8/tumblr_mqqby8vPwl1r2xjmjo1_1280.jpg
[74-8]http://40.media.tumblr.com/f4629cc211d646620a4bdbe17a5ac87c/tumblr_mqqbwzNQJx1r2xjmjo1_1280.jpg
[74-9]http://40.media.tumblr.com/6643af97006e0d173db368aed7ad1575/tumblr_mqqbucpn0J1r2xjmjo1_1280.jpg


(15)
[74-1]http://40.media.tumblr.com/eda50b9b3a8463614235f1050a92f018/tumblr_mqxtk0sK3u1r2xjmjo1_1280.jpg
[74-2]http://41.media.tumblr.com/04ace1e1199d3f866115bacf76ba7d95/tumblr_mqxthoi3VH1r2xjmjo1_1280.jpg
[74-3]http://41.media.tumblr.com/ac1f6b16d87ca96ef654638baf405351/tumblr_mqxtglDdfD1r2xjmjo1_1280.jpg
[74-4]http://40.media.tumblr.com/10da5e9112e1737b84b98930249a1041/tumblr_mqxsxydyFI1r2xjmjo1_1280.jpg
[74-5]http://40.media.tumblr.com/d69894913ab0331ee9126bae6822be76/tumblr_mqxsvmqmHM1r2xjmjo1_1280.jpg
[74-6]http://36.media.tumblr.com/e5f0fcbb2d93b7823bb7d171f6429345/tumblr_mqxsts4Uvz1r2xjmjo1_1280.jpg
[74-7]http://41.media.tumblr.com/dde32a6dcd42476e36105cea8233dcd8/tumblr_mqqby8vPwl1r2xjmjo1_1280.jpg
[74-8]http://40.media.tumblr.com/f4629cc211d646620a4bdbe17a5ac87c/tumblr_mqqbwzNQJx1r2xjmjo1_1280.jpg
[74-9]http://40.media.tumblr.com/6643af97006e0d173db368aed7ad1575/tumblr_mqqbucpn0J1r2xjmjo1_1280.jpg
[74-10]http://41.media.tumblr.com/e6a3800f019f1016751c023a868e13c6/tumblr_mqqbtfddbk1r2xjmjo1_1280.jpg
[74-11]http://41.media.tumblr.com/91d004f9e21321e1046a3717bc1d040b/tumblr_mqqbruMXcJ1r2xjmjo1_1280.jpg
[74-12]http://36.media.tumblr.com/5befe641bf777e67c41f7f1362d03934/tumblr_mqnqmaHDW21r2xjmjo1_1280.jpg
[74-13]http://41.media.tumblr.com/5c2c47a94c1fa1861d8fa2c33b50d2ce/tumblr_mqi7fgSNoC1r2xjmjo1_1280.jpg
[74-14]http://36.media.tumblr.com/cdfb992118a8cf60c7dd4da54c32019d/tumblr_mqi2kyO4Wx1r2xjmjo1_1280.jpg
[74-15]http://40.media.tumblr.com/70c38f303437dc4d61a64e61e9a55109/tumblr_mqhzsjDKRr1r2xjmjo1_1280.jpg


(15)
[75-1]http://40.media.tumblr.com/45c559fdb60d162655fe7d3b1836a5b5/tumblr_mqhzn6UPel1r2xjmjo1_1280.jpg
[75-2]http://41.media.tumblr.com/e445111e29732c56239fd78ddcdafe9d/tumblr_mqhz8x7wf41r2xjmjo1_1280.jpg
[75-3]http://40.media.tumblr.com/9293a5d7b67bbe1a93cd6321b1ed79a3/tumblr_mqd8f9O9851r2xjmjo1_1280.jpg
[75-4]http://41.media.tumblr.com/c80b9f98a572aa8d8dd3b4caf0c4bd0b/tumblr_mqd8eqv6cn1r2xjmjo1_1280.jpg
[75-5]http://40.media.tumblr.com/1c94bfdbd3ce03ccfdc360bf6af82640/tumblr_mqd8e1vXiQ1r2xjmjo1_1280.jpg
[75-6]http://41.media.tumblr.com/fc5dc9a764e58ab4685c518e8875647f/tumblr_mqd8deGcGG1r2xjmjo1_1280.jpg
[75-7]http://41.media.tumblr.com/20aee0fd93c4e6b49c6240b54c6761da/tumblr_mqd8aeu1fe1r2xjmjo1_1280.jpg
[75-8]http://40.media.tumblr.com/8d6dcaf64ed0d4462bf7071c30f891b2/tumblr_mq855jpPAB1r2xjmjo1_1280.jpg
[75-9]http://41.media.tumblr.com/4b12a9266c7d08ce3464fec18de29c60/tumblr_mq83wjSpj41r2xjmjo1_1280.jpg
[75-10]http://40.media.tumblr.com/cb635224275c0f3675fa57f9afebce03/tumblr_mq83qfPpSX1r2xjmjo1_1280.jpg
[75-11]http://41.media.tumblr.com/10c1397382ec48168b2a21c0ed030763/tumblr_mq83oaVZQy1r2xjmjo1_1280.jpg
[75-12]http://40.media.tumblr.com/4c2bc80c6130e54e3b210e282873ad75/tumblr_mq83l7f69T1r2xjmjo1_1280.jpg
[75-13]http://41.media.tumblr.com/b40295af1d383e9715003b827e582d40/tumblr_mq83keyLFA1r2xjmjo1_1280.jpg
[75-14]http://40.media.tumblr.com/3ecc62037c80cda10352454e8c3b1a4c/tumblr_mq83jnBLzY1r2xjmjo1_1280.jpg
[75-15]http://41.media.tumblr.com/db281d3b0700d4ab764a58667a9e9499/tumblr_mq7vacpxUC1r2xjmjo1_1280.jpg


(15)
[76-1]http://41.media.tumblr.com/db281d3b0700d4ab764a58667a9e9499/tumblr_mq7vacpxUC1r2xjmjo1_1280.jpg
[76-2]http://41.media.tumblr.com/eefc51c6f82fe0efa438bb8b5b00675d/tumblr_mq7v9ckByv1r2xjmjo1_1280.jpg
[76-3]http://40.media.tumblr.com/4197ba3c13b37eea8392042fa29a7028/tumblr_mq7v8m0MdC1r2xjmjo1_1280.jpg
[76-4]http://36.media.tumblr.com/773ce17b48ffabe40a174f150f00d884/tumblr_mq7v6njbPk1r2xjmjo1_1280.jpg
[76-5]http://40.media.tumblr.com/d22f8fccff1da4f99c1e37fb84d2ae98/tumblr_mq7v57UoJo1r2xjmjo1_1280.jpg
[76-6]http://41.media.tumblr.com/447b19ca6dc5209568fa67964460096f/tumblr_mq7v3bUDoS1r2xjmjo1_1280.jpg
[76-7]http://40.media.tumblr.com/70005354d40005fd172d359b589d65ab/tumblr_mq7uebnUiA1r2xjmjo1_1280.jpg
[76-8]http://41.media.tumblr.com/94a7a4a8358484590daa01376d1f7c75/tumblr_mq7udeSMv91r2xjmjo1_1280.jpg
[76-9]http://41.media.tumblr.com/01f8670f70021f1a608feb9bf42f53b5/tumblr_mq6gcyzc3I1r2xjmjo1_1280.jpg
[76-10]http://40.media.tumblr.com/5b615f9ca890d2ab591f886b1b308c30/tumblr_mq6fmtrzTE1r2xjmjo1_1280.jpg
[76-11]http://40.media.tumblr.com/148b2faf7c6ebe95d680c9a99cf3b6fc/tumblr_mq6fl9jjkQ1r2xjmjo1_1280.jpg
[76-12]http://41.media.tumblr.com/cc5eb7445cbb1a5af3482241ccdf41c0/tumblr_mq6cpzQDfD1r2xjmjo1_1280.jpg
[76-13]http://36.media.tumblr.com/f429bc62bc7afe20e0ccd0575b055191/tumblr_mq5z6pCgn21r2xjmjo1_1280.jpg
[76-14]http://40.media.tumblr.com/91a751a847e4fc264d73dbef720f82db/tumblr_mq5z62NdpN1r2xjmjo1_1280.jpg
[76-15]http://40.media.tumblr.com/78e940c3882f8804e54b399f987be5bf/tumblr_mq5z4cwSUa1r2xjmjo1_1280.jpg


(15)
[77-1]http://41.media.tumblr.com/bfca424130d8fccc99fad3dd6d0286ff/tumblr_mq5z3qGRnd1r2xjmjo1_1280.jpg
[77-2]http://36.media.tumblr.com/5e1df637794cc3160160ca6662589eed/tumblr_mq5z315xRn1r2xjmjo1_1280.jpg
[77-3]http://40.media.tumblr.com/b57a8e633df6d075a5260bb09cefbc95/tumblr_mq5z20gvgo1r2xjmjo1_1280.jpg
[77-4]http://40.media.tumblr.com/cea9f625ea51601caa3f7c8c245265cf/tumblr_mq5z0qtiWN1r2xjmjo1_1280.jpg
[77-5]http://40.media.tumblr.com/a741eed2f2fa3e7637af727abb028ee8/tumblr_mq5yyvqnHP1r2xjmjo1_1280.jpg
[77-6]http://41.media.tumblr.com/9b1e25d84fedbfbcb6b7f843f49fc726/tumblr_mq5yy1Ag6P1r2xjmjo1_1280.jpg
[77-7]http://40.media.tumblr.com/9fcdbc9800b035840a8b709210b4a109/tumblr_mq5yvs40GR1r2xjmjo1_1280.jpg
[77-8]http://36.media.tumblr.com/9d3a73c89a998016b36daf1f1980f576/tumblr_mq5yuopNhb1r2xjmjo1_1280.jpg
[77-9]http://41.media.tumblr.com/9b0076416f4f5ceea9d1458e798c85ad/tumblr_mq5ythfwG51r2xjmjo1_1280.jpg


(15)
[77-1]http://41.media.tumblr.com/bfca424130d8fccc99fad3dd6d0286ff/tumblr_mq5z3qGRnd1r2xjmjo1_1280.jpg
[77-2]http://36.media.tumblr.com/5e1df637794cc3160160ca6662589eed/tumblr_mq5z315xRn1r2xjmjo1_1280.jpg
[77-3]http://40.media.tumblr.com/b57a8e633df6d075a5260bb09cefbc95/tumblr_mq5z20gvgo1r2xjmjo1_1280.jpg
[77-4]http://40.media.tumblr.com/cea9f625ea51601caa3f7c8c245265cf/tumblr_mq5z0qtiWN1r2xjmjo1_1280.jpg
[77-5]http://40.media.tumblr.com/a741eed2f2fa3e7637af727abb028ee8/tumblr_mq5yyvqnHP1r2xjmjo1_1280.jpg
[77-6]http://41.media.tumblr.com/9b1e25d84fedbfbcb6b7f843f49fc726/tumblr_mq5yy1Ag6P1r2xjmjo1_1280.jpg
[77-7]http://40.media.tumblr.com/9fcdbc9800b035840a8b709210b4a109/tumblr_mq5yvs40GR1r2xjmjo1_1280.jpg
[77-8]http://36.media.tumblr.com/9d3a73c89a998016b36daf1f1980f576/tumblr_mq5yuopNhb1r2xjmjo1_1280.jpg
[77-9]http://41.media.tumblr.com/9b0076416f4f5ceea9d1458e798c85ad/tumblr_mq5ythfwG51r2xjmjo1_1280.jpg
[77-10]http://41.media.tumblr.com/e921be6627092fb5fcb33f70ca176db4/tumblr_mq5yrjnYK31r2xjmjo1_1280.jpg
[77-11]http://41.media.tumblr.com/1fc8f8dc162c6297692ee1ded57089ae/tumblr_mq5yqqjDSS1r2xjmjo1_1280.jpg
[77-12]http://41.media.tumblr.com/d46df70a9be126774befeb56d3aa461a/tumblr_mps6dtrUJ11r2xjmjo1_1280.jpg
[77-13]http://36.media.tumblr.com/6298808e40dd4f61317f844b244d9983/tumblr_mps6c0cAKb1r2xjmjo1_1280.jpg
[77-14]http://41.media.tumblr.com/581557952ff4c0a9c1b7f7ee849e5f61/tumblr_mps6adB2FP1r2xjmjo1_1280.jpg
[77-15]http://40.media.tumblr.com/3b409d9861a6f5bbe64b2b4b1c29aa7a/tumblr_mps65pK8Bx1r2xjmjo1_1280.jpg


(15)
[78-1]http://36.media.tumblr.com/b6ed9ee17f49336ccc33c6244a55a47a/tumblr_mps5w5EjBT1r2xjmjo1_1280.jpg
[78-2]http://36.media.tumblr.com/2e7e293a9f193bbce0acd02c5ed93845/tumblr_mpht24cdyR1r2xjmjo1_1280.jpg
[78-3]http://40.media.tumblr.com/9598a8f27fe127a4748ee95193d1a957/tumblr_mpht0a8AiS1r2xjmjo1_1280.jpg
[78-4]http://40.media.tumblr.com/170ae6b772fff09b7f3682d1adf5566e/tumblr_mphsydjwTL1r2xjmjo1_1280.jpg
[78-5]http://40.media.tumblr.com/5c659b7880802443e5bb723e492a1b9e/tumblr_mphstajQXC1r2xjmjo1_1280.jpg
[78-6]http://40.media.tumblr.com/0c43ef56d92cf5d7cea8d54cb8eadc34/tumblr_mphsr9rtMr1r2xjmjo1_1280.jpg
[78-7]http://41.media.tumblr.com/b52d61de98095b19e98fa162c539d6bf/tumblr_mphsnyae5O1r2xjmjo1_1280.jpg
[78-8]http://40.media.tumblr.com/265826afcaebcc41aed54f4edc3b7d6b/tumblr_mphsmdN46Q1r2xjmjo1_1280.jpg
[78-9]http://41.media.tumblr.com/259ee3160a7021be73e304cb10b44aaf/tumblr_mphsjpVbVd1r2xjmjo1_1280.jpg
[78-10]http://41.media.tumblr.com/99c1a61af998a8f1c717042481578015/tumblr_mphs91D7de1r2xjmjo1_1280.jpg
[78-11]http://41.media.tumblr.com/9f6bf36ef434e6bad812fa76a74bffaf/tumblr_mphs88Tb0x1r2xjmjo1_1280.jpg
[78-12]http://41.media.tumblr.com/eb0c1827d0fc6edc20a305ed303522b7/tumblr_mphs4uZK471r2xjmjo1_1280.jpg
[78-13]http://40.media.tumblr.com/44b24444d80de396da1a9f57e2670d73/tumblr_mphs2xan8G1r2xjmjo1_1280.jpg
[78-14]http://40.media.tumblr.com/ddd936c1442431b537dabde3facc8d1d/tumblr_mphs19wwkH1r2xjmjo1_1280.jpg
[78-15]http://41.media.tumblr.com/a051ddb9b0217e1219d32da168491511/tumblr_mphryoEINT1r2xjmjo1_1280.jpg


(15)
[79-1]http://40.media.tumblr.com/534a0b9c052343fab71419b3ee007311/tumblr_mphrxaDHcM1r2xjmjo1_1280.jpg
[79-2]http://36.media.tumblr.com/11c8368a6ea40b262186d1259ad36d84/tumblr_mphruzrNIQ1r2xjmjo1_1280.jpg
[79-3]http://36.media.tumblr.com/0154fefa0ed1e4a31ec7839edf6c55cc/tumblr_mphrrwdT5y1r2xjmjo1_1280.jpg
[79-4]http://40.media.tumblr.com/c6d46ba7d85c56e8c28e1426d1d51f30/tumblr_mphrpydkCh1r2xjmjo1_1280.jpg
[79-5]http://41.media.tumblr.com/8accea3f57f1195f2c0b8a7da3449827/tumblr_mphroqroAr1r2xjmjo1_1280.jpg
[79-6]http://40.media.tumblr.com/8eeb8cee8e487f2791ad5d96bd96280b/tumblr_mphrn6JRdr1r2xjmjo1_1280.jpg
[79-7]http://36.media.tumblr.com/7cdaf0800480d0a05b921f04eb02e309/tumblr_mphrmeciVh1r2xjmjo1_1280.jpg
[79-8]http://40.media.tumblr.com/4e71bcf59ac401ccd7ee15b8c9bdd752/tumblr_moz9ivfoo61r2xjmjo1_1280.jpg
[79-9]http://40.media.tumblr.com/3d9082fd023ed08587d854ac055e4ada/tumblr_moz8z6cVFH1r2xjmjo1_1280.jpg
[79-10]http://41.media.tumblr.com/9f63eef552db07a2ae9ec32723831d6d/tumblr_moz8ujDjW01r2xjmjo1_1280.jpg
[79-11]http://40.media.tumblr.com/346a6d44698e9ba521586f10c58ea113/tumblr_moz8omCH8c1r2xjmjo1_1280.jpg
[79-12]http://41.media.tumblr.com/8b42ece57ff5f1c81ab81a7427a7a6c6/tumblr_moz8lhWki11r2xjmjo1_1280.jpg
[79-13]http://40.media.tumblr.com/f212c791747acbbe035a4dbcf15bb8bd/tumblr_moxl98lDcA1r2xjmjo1_1280.jpg
[79-14]http://36.media.tumblr.com/7a5e0bd08cc442a127c3763a97ec8aa6/tumblr_moxl73aKtU1r2xjmjo1_1280.jpg
[79-15]http://36.media.tumblr.com/96a5d707886cfd4e47e2b7e3eb754afc/tumblr_moxl4bVQgD1r2xjmjo1_1280.jpg


(15)
[74-1]http://41.media.tumblr.com/e561c7b7b407d6ed41bb7a802073d396/tumblr_mqxtnmHB2k1r2xjmjo1_1280.jpg
[74-2]http://40.media.tumblr.com/eda50b9b3a8463614235f1050a92f018/tumblr_mqxtk0sK3u1r2xjmjo1_1280.jpg
[74-3]http://41.media.tumblr.com/04ace1e1199d3f866115bacf76ba7d95/tumblr_mqxthoi3VH1r2xjmjo1_1280.jpg
[74-4]http://41.media.tumblr.com/ac1f6b16d87ca96ef654638baf405351/tumblr_mqxtglDdfD1r2xjmjo1_1280.jpg
[74-5]http://40.media.tumblr.com/10da5e9112e1737b84b98930249a1041/tumblr_mqxsxydyFI1r2xjmjo1_1280.jpg
[74-6]http://40.media.tumblr.com/d69894913ab0331ee9126bae6822be76/tumblr_mqxsvmqmHM1r2xjmjo1_1280.jpg
[74-7]http://36.media.tumblr.com/e5f0fcbb2d93b7823bb7d171f6429345/tumblr_mqxsts4Uvz1r2xjmjo1_1280.jpg
[74-8]http://41.media.tumblr.com/dde32a6dcd42476e36105cea8233dcd8/tumblr_mqqby8vPwl1r2xjmjo1_1280.jpg
[74-9]http://40.media.tumblr.com/f4629cc211d646620a4bdbe17a5ac87c/tumblr_mqqbwzNQJx1r2xjmjo1_1280.jpg
[74-10]http://40.media.tumblr.com/6643af97006e0d173db368aed7ad1575/tumblr_mqqbucpn0J1r2xjmjo1_1280.jpg
[74-11]http://41.media.tumblr.com/e6a3800f019f1016751c023a868e13c6/tumblr_mqqbtfddbk1r2xjmjo1_1280.jpg
[74-12]http://41.media.tumblr.com/91d004f9e21321e1046a3717bc1d040b/tumblr_mqqbruMXcJ1r2xjmjo1_1280.jpg
[74-13]http://36.media.tumblr.com/5befe641bf777e67c41f7f1362d03934/tumblr_mqnqmaHDW21r2xjmjo1_1280.jpg
[74-14]http://41.media.tumblr.com/5c2c47a94c1fa1861d8fa2c33b50d2ce/tumblr_mqi7fgSNoC1r2xjmjo1_1280.jpg
[74-15]http://36.media.tumblr.com/cdfb992118a8cf60c7dd4da54c32019d/tumblr_mqi2kyO4Wx1r2xjmjo1_1280.jpg


(15)
[60-1]http://40.media.tumblr.com/deb36a66eab65a2c80d815827a1c8ee9/tumblr_muld28oc4e1r2xjmjo1_1280.jpg
[60-2]http://41.media.tumblr.com/a195341c8bcf073cf35790662aad70a3/tumblr_muld1vYxU11r2xjmjo1_1280.jpg
[60-3]http://40.media.tumblr.com/94d14e17222db946c2e5429f9f9d0074/tumblr_muizvdz7qS1r2xjmjo1_1280.jpg
[60-4]http://41.media.tumblr.com/da3afeeba1dc235f4ea72dbd2e255ed2/tumblr_muizu55iOC1r2xjmjo1_1280.jpg
[60-5]http://40.media.tumblr.com/ed27336625a211c6d8218df95ce08ad3/tumblr_muiztj0bdH1r2xjmjo1_1280.jpg
[60-6]http://41.media.tumblr.com/6b30b139d40476e73bcc64c7f834f508/tumblr_muhcxbecxn1r2xjmjo1_1280.jpg
[60-7]http://41.media.tumblr.com/feac5ac85f03b608752f80986b7918f9/tumblr_muhcgexO6z1r2xjmjo1_1280.jpg
[60-8]http://40.media.tumblr.com/bfe394e18ab507faadfb15f86efbd0a9/tumblr_mufqm3Cp7s1r2xjmjo1_1280.jpg
[60-9]http://41.media.tumblr.com/5db70eb014b89acceb388e225f09f663/tumblr_mufqjsXhFb1r2xjmjo1_1280.jpg
[60-10]http://40.media.tumblr.com/f8698b993fe50eeee8e90d01a2c28df6/tumblr_mufqjaxYvC1r2xjmjo1_1280.jpg
[60-11]http://40.media.tumblr.com/a68e21e3276d324afa9ba5292e25f2a0/tumblr_mufqfxeN0h1r2xjmjo1_1280.jpg
[60-12]http://41.media.tumblr.com/13afff662301ccf756208621cc047037/tumblr_mufqffikLK1r2xjmjo1_1280.jpg
[60-13]http://36.media.tumblr.com/c66c81b996eb3601d0f0de4d7394de87/tumblr_mufqdo02qE1r2xjmjo1_1280.jpg
[60-14]http://40.media.tumblr.com/a6812a47d367a3af47aad1f5bb7a35e7/tumblr_mufqd6Smaf1r2xjmjo1_1280.jpg
[60-15]http://40.media.tumblr.com/c26b5bf0e9054ebca124107844ce12d7/tumblr_mufqbwiYVE1r2xjmjo1_1280.jpg


(15)
[61-1]http://41.media.tumblr.com/b405469b7bb6565c477cd07ec6a8194d/tumblr_mufqb9bams1r2xjmjo1_1280.jpg
[61-2]http://41.media.tumblr.com/4daeac26359338ef39883171d9bedd17/tumblr_mufqa3gO841r2xjmjo1_1280.jpg
[61-3]http://40.media.tumblr.com/cd3852722556db75200d73777f62fd77/tumblr_mufq5sLTzR1r2xjmjo1_1280.jpg
[61-4]http://36.media.tumblr.com/0798df04d25515bc724759a80b49a57d/tumblr_mufq48klgG1r2xjmjo1_1280.jpg
[61-5]http://41.media.tumblr.com/343599e819ff2cdc6630b02a17c3d8d6/tumblr_mufq2wAjZa1r2xjmjo1_1280.jpg
[61-6]http://41.media.tumblr.com/d8fe1a37ad3a886fa8a6b9a59e3bedb8/tumblr_mufq1zX2Kj1r2xjmjo1_1280.jpg
[61-7]http://40.media.tumblr.com/6e33bd50a1768414413c0d21488f6cbe/tumblr_mufpy8Vedv1r2xjmjo1_1280.jpg
[61-8]http://41.media.tumblr.com/a1ce4c6166b0efcb0fc557f8ab588758/tumblr_mufpwdd2Wa1r2xjmjo1_1280.jpg
[61-9]http://41.media.tumblr.com/04d8ee55d289111fc4c749d344408274/tumblr_mufc05TmpM1r2xjmjo1_1280.jpg
[61-10]http://40.media.tumblr.com/0c83d826604a2d3666550eeb5314f69d/tumblr_muf9h4RPiw1r2xjmjo1_1280.jpg
[61-11]http://41.media.tumblr.com/9f26f024abd4f5f7417e8697ec5c1400/tumblr_mudj7ncHox1r2xjmjo1_1280.jpg
[61-12]http://41.media.tumblr.com/66e8af2fbe76fc3b7ceb52619139ba79/tumblr_mucnvchMQJ1r2xjmjo1_1280.jpg
[61-13]http://41.media.tumblr.com/567e3f09c3a7509e75a58d0a92ab7993/tumblr_mucnu1PKXb1r2xjmjo1_1280.jpg
[61-14]http://40.media.tumblr.com/d67eb9eed2f56ce7318c33251bff3daf/tumblr_mucnrvRAT91r2xjmjo1_1280.jpg
[61-15]http://40.media.tumblr.com/cfec9e887259359cccd0e2e4a7deaf83/tumblr_mucnr84QVm1r2xjmjo1_1280.jpg


(15)
[62-1]http://40.media.tumblr.com/1ee81e5c11a67a16f52fb55d92b63082/tumblr_mucnpuSukk1r2xjmjo1_1280.jpg
[62-2]http://41.media.tumblr.com/1cebb12fb6b43748cc6ae994417b9469/tumblr_mucnpgs3Xy1r2xjmjo1_1280.jpg
[62-3]http://41.media.tumblr.com/6e61120c141745da5152002b6146f0bd/tumblr_mucno9whUS1r2xjmjo1_1280.jpg
[62-4]http://40.media.tumblr.com/62119c16822a7736ab2be8cec5b16882/tumblr_mucnnmO5Lq1r2xjmjo1_1280.jpg
[62-5]http://40.media.tumblr.com/21a60039d74964e94bda23dd1523e6c7/tumblr_mucnmf7Wyy1r2xjmjo1_1280.jpg
[62-6]http://41.media.tumblr.com/bdbd763fbcd662b4a78454c6f2b83142/tumblr_mucnltUFtI1r2xjmjo1_1280.jpg
[62-7]http://41.media.tumblr.com/9fca5aa2060274b35573a1f2f75d7c53/tumblr_mucnleYjhY1r2xjmjo1_1280.jpg
[62-8]http://41.media.tumblr.com/aac21ab70e02e90f0b495af6dcd326eb/tumblr_mucnkyKdXk1r2xjmjo1_1280.jpg
[62-9]http://40.media.tumblr.com/e2db055b5a2cdb2016ad84ea1b027540/tumblr_mucnjwsksJ1r2xjmjo1_1280.jpg
[62-10]http://41.media.tumblr.com/eeda0f46dda9b38c938c95b766a038a9/tumblr_mucnjfg66P1r2xjmjo1_1280.jpg
[62-11]http://41.media.tumblr.com/3feabfe0f7b5e0e740b3972ff3a54eab/tumblr_mucniqmVGK1r2xjmjo1_1280.jpg
[62-12]http://40.media.tumblr.com/9eeb7e601257022d5959172c90c8c50d/tumblr_mucnicQmiV1r2xjmjo1_1280.jpg
[62-13]http://40.media.tumblr.com/a7cf453f5c40af4638918645aaab7d91/tumblr_mucnhsyB8B1r2xjmjo1_1280.jpg
[62-14]http://41.media.tumblr.com/ecde2fc67ac121e54ad4157aedf82ae5/tumblr_mucnhb9lZO1r2xjmjo1_1280.jpg
[62-15]http://41.media.tumblr.com/1e1bcf6cae6adb040f57ee13fda49396/tumblr_mucngvmFLs1r2xjmjo1_1280.jpg


(15)
[63-1]http://41.media.tumblr.com/3572520421858c530b27f408152d8c4c/tumblr_mucngc2Nv01r2xjmjo1_1280.jpg
[63-2]http://40.media.tumblr.com/4c0b53e558910e24dd4d63a66e31e135/tumblr_mucnfeNQDh1r2xjmjo1_1280.jpg
[63-3]http://41.media.tumblr.com/5398df02a7ce56a2edf6d39baea101e4/tumblr_mucne3ycbA1r2xjmjo1_1280.jpg
[63-4]http://40.media.tumblr.com/f82f571642110d81ec1d294d8478d3d0/tumblr_mucndmZWMN1r2xjmjo1_1280.jpg
[63-5]http://40.media.tumblr.com/a269bd36ee4fcc1c1fe65223ed47f31e/tumblr_mu9v2nOyhb1r2xjmjo1_1280.jpg
[63-6]http://40.media.tumblr.com/f85e42cb863a148374dac77754df2917/tumblr_mu9v23tB3z1r2xjmjo1_1280.jpg
[63-7]http://41.media.tumblr.com/544baf678a8aa72abec73f65f6628f79/tumblr_mu96d60VlG1r2xjmjo1_1280.jpg
[63-8]http://40.media.tumblr.com/edf02d9ac2e5e3b5f07e2721ba9d379b/tumblr_mu96b9PyI51r2xjmjo1_1280.jpg
[63-9]http://40.media.tumblr.com/bb9db9fe273417bea8d27970cc388610/tumblr_mu96as2HmJ1r2xjmjo1_1280.jpg
[63-10]http://41.media.tumblr.com/05b0dad5c5e3152bd69b0e04e21fa90d/tumblr_mu96a2KgnG1r2xjmjo1_1280.jpg
[63-11]http://40.media.tumblr.com/c894d3dd8cdaa8128ab30d3de762357a/tumblr_mu968jQqLq1r2xjmjo1_1280.jpg
[63-12]http://41.media.tumblr.com/bfff035c785b746166e0bbed3b27f125/tumblr_mu967ktKbp1r2xjmjo1_1280.jpg
[63-13]http://36.media.tumblr.com/4f9ef2f3d2aa848c582ebb7727ee6f3e/tumblr_mu966zXV0G1r2xjmjo1_1280.jpg
[63-14]http://41.media.tumblr.com/5b6648d1246a0d98b126d8fa1e9a9e4f/tumblr_mu966h4vM11r2xjmjo1_1280.jpg
[63-15]http://40.media.tumblr.com/d231b91fbca189dd5a3d11c158597a67/tumblr_mu9650nOdk1r2xjmjo1_1280.jpg
